2025-03-11 18:44:27,648 - config - INFO - Loading configuration module from: /home/hayden/Documents/qmltest
2025-03-11 18:44:27,649 - config - INFO - Initializing configuration system from: /home/hayden/Documents/qmltest/config.json
2025-03-11 18:44:27,649 - config - INFO - Configuration loaded successfully
2025-03-11 18:44:27,742 - ResultsManager - INFO - Loaded 1 results from CSV
2025-03-11 18:44:27,826 - ResultsManager - INFO - Loaded 1 results from CSV
2025-03-11 18:46:20,328 - config - INFO - Loading configuration module from: /home/hayden/Documents/qmltest
2025-03-11 18:46:20,328 - config - INFO - Initializing configuration system from: /home/hayden/Documents/qmltest/config.json
2025-03-11 18:46:20,329 - config - INFO - Configuration loaded successfully
2025-03-11 18:46:20,481 - ResultsManager - INFO - Loaded 1 results from CSV
2025-03-11 18:46:20,594 - ResultsManager - INFO - Loaded 1 results from CSV
2025-03-11 18:47:39,181 - config - INFO - Created default configuration file
2025-03-11 18:47:39,318 - ResultsManager - INFO - Loaded 1 results from CSV
2025-03-11 18:48:55,177 - config - INFO - Configuration loaded successfully
2025-03-11 18:48:55,314 - ResultsManager - INFO - Loaded 1 results from CSV
2025-03-11 18:49:26,899 - config - INFO - Configuration loaded successfully
2025-03-11 18:49:27,017 - ResultsManager - INFO - Loaded 1 results from CSV
2025-03-11 18:49:49,105 - config - INFO - Configuration loaded successfully
2025-03-11 18:49:49,233 - ResultsManager - INFO - Loaded 1 results from CSV
2025-03-11 18:50:03,731 - config - INFO - Configuration loaded successfully
2025-03-11 18:50:03,868 - ResultsManager - INFO - Loaded 1 results from CSV
2025-03-11 18:50:40,000 - config - INFO - Configuration loaded successfully
2025-03-11 18:50:40,138 - ResultsManager - INFO - Loaded 1 results from CSV
2025-03-11 18:51:20,681 - config - INFO - Configuration loaded successfully
2025-03-11 18:51:20,809 - ResultsManager - INFO - Loaded 1 results from CSV
2025-03-11 18:52:48,446 - config - INFO - Configuration loaded successfully
2025-03-11 18:52:48,573 - ResultsManager - INFO - Loaded 1 results from CSV
2025-03-11 18:56:20,050 - config - INFO - Configuration loaded successfully
2025-03-11 18:56:20,183 - ResultsManager - INFO - Loaded 1 results from CSV
2025-03-11 18:56:20,318 - ResultsManager - WARNING - Attempted to create a second ResultsManager instance!
2025-03-11 18:57:11,151 - config - INFO - Loading configuration module from: /home/hayden/Documents/qmltest
2025-03-11 18:57:11,151 - config - INFO - Initializing configuration system from: /home/hayden/Documents/qmltest/config.json
2025-03-11 18:57:11,151 - config - INFO - Configuration loaded successfully
2025-03-11 18:57:11,283 - ResultsManager - INFO - Loaded 1 results from CSV
2025-03-11 18:57:11,390 - ResultsManager - WARNING - Attempted to create a second ResultsManager instance!
2025-03-11 18:57:52,465 - config - INFO - Loading configuration module from: /home/hayden/Documents/qmltest
2025-03-11 18:57:52,465 - config - INFO - Initializing configuration system from: /home/hayden/Documents/qmltest/config.json
2025-03-11 18:57:52,465 - config - INFO - Configuration loaded successfully
2025-03-11 18:57:52,604 - ResultsManager - INFO - Loaded 1 results from CSV
2025-03-11 18:57:52,716 - ResultsManager - WARNING - Attempted to create a second ResultsManager instance!
2025-03-11 18:58:12,314 - config - INFO - Loading configuration module from: /home/hayden/Documents/qmltest
2025-03-11 18:58:12,314 - config - INFO - Initializing configuration system from: /home/hayden/Documents/qmltest/config.json
2025-03-11 18:58:12,314 - config - INFO - Configuration loaded successfully
2025-03-11 18:58:12,414 - ResultsManager - INFO - Loaded 1 results from CSV
2025-03-11 18:58:12,518 - ResultsManager - INFO - Loaded 1 results from CSV
2025-03-11 18:58:28,396 - config - INFO - Loading configuration module from: /home/hayden/Documents/qmltest
2025-03-11 18:58:28,397 - config - INFO - Initializing configuration system from: /home/hayden/Documents/qmltest/config.json
2025-03-11 18:58:28,397 - config - INFO - Configuration loaded successfully
2025-03-11 18:58:28,534 - ResultsManager - INFO - Loaded 1 results from CSV
2025-03-11 18:58:28,653 - ResultsManager - INFO - Loaded 1 results from CSV
2025-03-11 18:59:53,184 - config - INFO - Loading configuration module from: /home/hayden/Documents/qmltest
2025-03-11 18:59:53,184 - config - INFO - Initializing configuration system from: /home/hayden/Documents/qmltest/config.json
2025-03-11 18:59:53,184 - config - INFO - Configuration loaded successfully
2025-03-11 18:59:53,311 - ResultsManager - INFO - Loaded 1 results from CSV
2025-03-11 18:59:53,404 - ResultsManager - INFO - Loaded 1 results from CSV
2025-03-11 19:00:19,566 - config - INFO - Loading configuration module from: /home/hayden/Documents/qmltest
2025-03-11 19:00:19,566 - config - INFO - Initializing configuration system from: /home/hayden/Documents/qmltest/config.json
2025-03-11 19:00:19,566 - config - INFO - Configuration loaded successfully
2025-03-11 19:00:19,681 - ResultsManager - INFO - Loaded 1 results from CSV
2025-03-11 19:00:19,787 - ResultsManager - INFO - Loaded 1 results from CSV
