2025-03-09 00:01:47,593 - ResultsManager - INFO - Loaded 1 results from CSV
2025-03-09 00:03:47,586 - ResultsManager - INFO - Loaded 1 results from CSV
2025-03-09 00:05:10,632 - ResultsManager - INFO - Loaded 1 results from CSV
2025-03-09 00:06:28,336 - ResultsManager - INFO - Loaded 1 results from CSV
2025-03-09 00:08:51,055 - ResultsManager - INFO - Loaded 1 results from CSV
2025-03-09 00:10:59,168 - ResultsManager - INFO - Loaded 1 results from CSV
2025-03-09 00:13:00,357 - ResultsManager - INFO - Loaded 1 results from CSV
2025-03-09 00:13:11,713 - ResultsManager - INFO - Loaded 1 results from CSV
2025-03-09 00:13:44,983 - ResultsManager - INFO - Loaded 1 results from CSV
2025-03-09 10:25:49,173 - ResultsManager - INFO - Loaded 1 results from CSV
2025-03-09 10:27:34,986 - ResultsManager - INFO - Loaded 1 results from CSV
2025-03-09 10:27:57,471 - ResultsManager - INFO - Loaded 1 results from CSV
2025-03-09 10:31:40,525 - PythonModel - WARNING - Row 0: Voltage Drop = 5.34% exceeds the threshold of 5.0%
2025-03-09 10:31:50,651 - PythonModel - ERROR - Invalid row index in calculateResistance: -1
2025-03-09 10:31:50,752 - PythonModel - ERROR - Invalid row index in calculateResistance: -1
2025-03-09 10:31:50,768 - PythonModel - ERROR - Invalid row index in calculateResistance: -1
2025-03-09 10:31:50,774 - PythonModel - ERROR - Invalid row index in calculateResistance: -1
2025-03-09 10:31:50,783 - PythonModel - ERROR - Invalid row index in calculateResistance: -1
2025-03-09 10:31:50,799 - PythonModel - ERROR - Invalid row index in calculateResistance: -1
2025-03-09 10:31:50,806 - PythonModel - ERROR - Invalid row index in calculateResistance: -1
2025-03-09 10:31:50,817 - PythonModel - ERROR - Invalid row index in calculateResistance: -1
2025-03-09 10:31:50,822 - PythonModel - ERROR - Invalid row index in calculateResistance: -1
2025-03-09 10:31:50,830 - PythonModel - ERROR - Invalid row index in calculateResistance: -1
2025-03-09 10:31:50,838 - PythonModel - ERROR - Invalid row index in calculateResistance: -1
2025-03-09 10:31:50,846 - PythonModel - ERROR - Invalid row index in calculateResistance: -1
2025-03-09 10:31:50,862 - PythonModel - ERROR - Invalid row index in calculateResistance: -1
2025-03-09 10:31:50,892 - PythonModel - ERROR - Invalid row index in calculateResistance: -1
2025-03-09 10:31:50,924 - PythonModel - ERROR - Invalid row index in calculateResistance: -1
2025-03-09 10:31:50,948 - PythonModel - ERROR - Invalid row index in calculateResistance: -1
2025-03-09 10:31:50,954 - PythonModel - ERROR - Invalid row index in calculateResistance: -1
2025-03-09 10:31:50,978 - PythonModel - ERROR - Invalid row index in calculateResistance: -1
2025-03-09 10:31:51,137 - PythonModel - ERROR - Invalid row index in calculateResistance: -1
2025-03-09 10:31:51,145 - PythonModel - ERROR - Invalid row index in calculateResistance: -1
2025-03-09 10:31:51,150 - PythonModel - ERROR - Invalid row index in calculateResistance: -1
2025-03-09 10:31:51,160 - PythonModel - ERROR - Invalid row index in calculateResistance: -1
2025-03-09 10:31:51,166 - PythonModel - ERROR - Invalid row index in calculateResistance: -1
2025-03-09 10:31:51,174 - PythonModel - ERROR - Invalid row index in calculateResistance: -1
2025-03-09 10:31:51,182 - PythonModel - ERROR - Invalid row index in calculateResistance: -1
2025-03-09 10:31:51,190 - PythonModel - ERROR - Invalid row index in calculateResistance: -1
2025-03-09 10:31:51,198 - PythonModel - ERROR - Invalid row index in calculateResistance: -1
2025-03-09 10:31:51,206 - PythonModel - ERROR - Invalid row index in calculateResistance: -1
2025-03-09 10:31:51,216 - PythonModel - ERROR - Invalid row index in calculateResistance: -1
2025-03-09 10:31:53,362 - PythonModel - WARNING - Row 0: Voltage Drop = 6.31% exceeds the threshold of 5.0%
2025-03-09 10:31:53,370 - PythonModel - WARNING - Row 0: Voltage Drop = 6.24% exceeds the threshold of 5.0%
2025-03-09 10:31:53,379 - PythonModel - WARNING - Row 0: Voltage Drop = 6.17% exceeds the threshold of 5.0%
2025-03-09 10:31:53,386 - PythonModel - WARNING - Row 0: Voltage Drop = 6.11% exceeds the threshold of 5.0%
2025-03-09 10:31:53,395 - PythonModel - WARNING - Row 0: Voltage Drop = 6.08% exceeds the threshold of 5.0%
2025-03-09 10:31:53,400 - PythonModel - WARNING - Row 0: Voltage Drop = 6.05% exceeds the threshold of 5.0%
2025-03-09 10:31:53,408 - PythonModel - WARNING - Row 0: Voltage Drop = 6.00% exceeds the threshold of 5.0%
2025-03-09 10:31:53,416 - PythonModel - WARNING - Row 0: Voltage Drop = 5.97% exceeds the threshold of 5.0%
2025-03-09 10:31:53,424 - PythonModel - WARNING - Row 0: Voltage Drop = 5.94% exceeds the threshold of 5.0%
2025-03-09 10:31:53,432 - PythonModel - WARNING - Row 0: Voltage Drop = 5.89% exceeds the threshold of 5.0%
2025-03-09 10:31:53,440 - PythonModel - WARNING - Row 0: Voltage Drop = 5.84% exceeds the threshold of 5.0%
2025-03-09 10:31:53,448 - PythonModel - WARNING - Row 0: Voltage Drop = 5.77% exceeds the threshold of 5.0%
2025-03-09 10:31:53,457 - PythonModel - WARNING - Row 0: Voltage Drop = 5.73% exceeds the threshold of 5.0%
2025-03-09 10:31:53,465 - PythonModel - WARNING - Row 0: Voltage Drop = 5.68% exceeds the threshold of 5.0%
2025-03-09 10:31:53,473 - PythonModel - WARNING - Row 0: Voltage Drop = 5.64% exceeds the threshold of 5.0%
2025-03-09 10:31:53,481 - PythonModel - WARNING - Row 0: Voltage Drop = 5.62% exceeds the threshold of 5.0%
2025-03-09 10:31:53,486 - PythonModel - WARNING - Row 0: Voltage Drop = 5.58% exceeds the threshold of 5.0%
2025-03-09 10:31:53,494 - PythonModel - WARNING - Row 0: Voltage Drop = 5.56% exceeds the threshold of 5.0%
2025-03-09 10:31:53,502 - PythonModel - WARNING - Row 0: Voltage Drop = 5.53% exceeds the threshold of 5.0%
2025-03-09 10:31:53,510 - PythonModel - WARNING - Row 0: Voltage Drop = 5.49% exceeds the threshold of 5.0%
2025-03-09 10:31:53,519 - PythonModel - WARNING - Row 0: Voltage Drop = 5.47% exceeds the threshold of 5.0%
2025-03-09 10:31:53,526 - PythonModel - WARNING - Row 0: Voltage Drop = 5.43% exceeds the threshold of 5.0%
2025-03-09 10:31:53,535 - PythonModel - WARNING - Row 0: Voltage Drop = 5.39% exceeds the threshold of 5.0%
2025-03-09 10:31:53,551 - PythonModel - WARNING - Row 0: Voltage Drop = 5.36% exceeds the threshold of 5.0%
2025-03-09 10:31:53,572 - PythonModel - WARNING - Row 0: Voltage Drop = 5.34% exceeds the threshold of 5.0%
2025-03-09 10:31:53,596 - PythonModel - WARNING - Row 0: Voltage Drop = 5.32% exceeds the threshold of 5.0%
2025-03-09 10:31:53,620 - PythonModel - WARNING - Row 0: Voltage Drop = 5.29% exceeds the threshold of 5.0%
2025-03-09 10:31:53,628 - PythonModel - WARNING - Row 0: Voltage Drop = 5.27% exceeds the threshold of 5.0%
2025-03-09 10:31:53,636 - PythonModel - WARNING - Row 0: Voltage Drop = 5.24% exceeds the threshold of 5.0%
2025-03-09 10:31:53,644 - PythonModel - WARNING - Row 0: Voltage Drop = 5.22% exceeds the threshold of 5.0%
2025-03-09 10:31:53,653 - PythonModel - WARNING - Row 0: Voltage Drop = 5.19% exceeds the threshold of 5.0%
2025-03-09 10:31:53,660 - PythonModel - WARNING - Row 0: Voltage Drop = 5.15% exceeds the threshold of 5.0%
2025-03-09 10:31:53,667 - PythonModel - WARNING - Row 0: Voltage Drop = 5.07% exceeds the threshold of 5.0%
2025-03-09 10:31:53,975 - PythonModel - WARNING - Row 0: Voltage Drop = 5.24% exceeds the threshold of 5.0%
2025-03-09 10:31:53,981 - PythonModel - WARNING - Row 0: Voltage Drop = 5.39% exceeds the threshold of 5.0%
2025-03-09 10:31:53,988 - PythonModel - WARNING - Row 0: Voltage Drop = 5.53% exceeds the threshold of 5.0%
2025-03-09 10:31:53,996 - PythonModel - WARNING - Row 0: Voltage Drop = 5.68% exceeds the threshold of 5.0%
2025-03-09 10:31:54,005 - PythonModel - WARNING - Row 0: Voltage Drop = 5.82% exceeds the threshold of 5.0%
2025-03-09 10:31:54,013 - PythonModel - WARNING - Row 0: Voltage Drop = 5.87% exceeds the threshold of 5.0%
2025-03-09 10:31:54,021 - PythonModel - WARNING - Row 0: Voltage Drop = 5.92% exceeds the threshold of 5.0%
2025-03-09 10:31:54,029 - PythonModel - WARNING - Row 0: Voltage Drop = 5.94% exceeds the threshold of 5.0%
2025-03-09 10:31:54,037 - PythonModel - WARNING - Row 0: Voltage Drop = 5.97% exceeds the threshold of 5.0%
2025-03-09 10:39:40,780 - ResultsManager - INFO - Loaded 1 results from CSV
2025-03-09 10:41:50,996 - ResultsManager - INFO - Loaded 1 results from CSV
2025-03-09 10:42:10,446 - ResultsManager - INFO - Loaded 1 results from CSV
2025-03-09 10:42:12,552 - ResultsManager - INFO - Loaded 1 results from CSV
2025-03-09 10:45:52,402 - ResultsManager - INFO - Loaded 1 results from CSV
2025-03-09 10:46:46,704 - ResultsManager - INFO - Loaded 1 results from CSV
2025-03-09 10:46:52,134 - ResultsManager - INFO - Loaded 2 results from CSV
2025-03-09 10:46:52,134 - ResultsManager - INFO - Saved new calculation for Al 185mm² cable
2025-03-09 10:48:22,616 - ResultsManager - INFO - Loaded 2 results from CSV
2025-03-09 10:51:49,285 - ResultsManager - INFO - Loaded 2 results from CSV
2025-03-09 10:51:51,350 - ResultsManager - INFO - Loaded 2 results from CSV
2025-03-09 10:55:52,581 - ResultsManager - INFO - Loaded 2 results from CSV
2025-03-09 10:55:59,609 - ResultsManager - INFO - Loaded 2 results from CSV
2025-03-09 10:56:21,488 - ResultsManager - INFO - Loaded 3 results from CSV
2025-03-09 10:56:21,488 - ResultsManager - INFO - Saved new calculation for Al 185mm² cable
2025-03-09 11:07:32,674 - ResultsManager - INFO - Loaded 3 results from CSV
2025-03-09 11:07:35,799 - ResultsManager - INFO - Loaded 3 results from CSV
2025-03-09 11:10:01,312 - ResultsManager - INFO - Loaded 0 results from CSV
2025-03-09 11:20:53,994 - ResultsManager - INFO - Loaded 0 results from CSV
2025-03-09 11:21:19,142 - ResultsManager - INFO - Loaded 0 results from CSV
2025-03-09 11:21:22,330 - ResultsManager - INFO - Loaded 0 results from CSV
2025-03-09 11:21:47,083 - ResultsManager - INFO - Loaded 1 results from CSV
2025-03-09 11:21:47,083 - ResultsManager - INFO - Saved new calculation for Al 185mm² cable
2025-03-09 11:21:50,872 - ResultsManager - INFO - Loaded 1 results from CSV
2025-03-09 11:26:56,682 - ResultsManager - INFO - Loaded 0 results from CSV
2025-03-09 11:27:01,974 - ResultsManager - INFO - Loaded 0 results from CSV
2025-03-09 11:27:33,837 - ResultsManager - INFO - Loaded 1 results from CSV
2025-03-09 11:27:33,837 - ResultsManager - INFO - Saved new calculation for Al 300mm² cable
2025-03-09 11:29:15,714 - ResultsManager - INFO - Loaded 0 results from CSV
2025-03-09 11:29:24,099 - ResultsManager - INFO - Loaded 0 results from CSV
2025-03-09 11:29:54,589 - ResultsManager - INFO - Loaded 0 results from CSV
2025-03-09 11:30:04,606 - ResultsManager - INFO - Loaded 0 results from CSV
2025-03-09 11:34:53,992 - ResultsManager - INFO - Loaded 0 results from CSV
2025-03-09 11:38:51,104 - ResultsManager - INFO - Loaded 0 results from CSV
2025-03-09 11:40:48,912 - ResultsManager - INFO - Loaded 0 results from CSV
2025-03-09 11:41:14,492 - ResultsManager - INFO - Loaded 0 results from CSV
2025-03-09 11:48:28,942 - ResultsManager - INFO - Loaded 0 results from CSV
2025-03-09 11:52:36,777 - ResultsManager - INFO - Loaded 0 results from CSV
2025-03-09 11:57:12,409 - ResultsManager - INFO - Loaded 0 results from CSV
2025-03-09 11:57:56,345 - ResultsManager - INFO - Loaded 0 results from CSV
2025-03-09 11:58:02,550 - ResultsManager - INFO - Loaded 0 results from CSV
2025-03-09 12:01:39,195 - ResultsManager - INFO - Loaded 0 results from CSV
2025-03-09 12:03:24,545 - ResultsManager - INFO - Loaded 0 results from CSV
2025-03-09 12:04:20,558 - ResultsManager - INFO - Loaded 0 results from CSV
2025-03-09 12:04:37,928 - ResultsManager - INFO - Loaded 0 results from CSV
2025-03-09 12:04:52,216 - ResultsManager - INFO - Loaded 0 results from CSV
2025-03-09 12:21:17,616 - ResultsManager - INFO - Loaded 0 results from CSV
2025-03-09 12:21:21,318 - ResultsManager - INFO - Loaded 0 results from CSV
2025-03-09 12:41:57,761 - ResultsManager - INFO - Loaded 0 results from CSV
2025-03-09 12:42:13,143 - ResultsManager - INFO - Loaded 0 results from CSV
2025-03-09 12:42:16,086 - ResultsManager - INFO - Loaded 0 results from CSV
2025-03-09 12:48:08,539 - ResultsManager - INFO - Loaded 0 results from CSV
2025-03-09 12:48:11,107 - ResultsManager - INFO - Loaded 0 results from CSV
2025-03-09 12:55:03,397 - ResultsManager - INFO - Loaded 0 results from CSV
2025-03-09 12:55:04,676 - ResultsManager - INFO - Loaded 0 results from CSV
2025-03-09 12:56:18,141 - ResultsManager - INFO - Loaded 0 results from CSV
2025-03-09 13:10:16,992 - ResultsManager - INFO - Loaded 0 results from CSV
2025-03-09 13:18:00,641 - ResultsManager - INFO - Loaded 0 results from CSV
2025-03-09 13:18:42,057 - ResultsManager - INFO - Loaded 0 results from CSV
2025-03-09 13:18:55,776 - ResultsManager - INFO - Loaded 0 results from CSV
2025-03-09 13:19:06,877 - ResultsManager - INFO - Loaded 0 results from CSV
2025-03-09 13:19:06,993 - ResultsManager - INFO - Loaded 0 results from CSV
2025-03-09 13:19:31,110 - ResultsManager - INFO - Loaded 0 results from CSV
2025-03-09 13:19:31,208 - ResultsManager - INFO - Loaded 0 results from CSV
2025-03-09 13:19:57,860 - ResultsManager - INFO - Loaded 0 results from CSV
2025-03-09 13:19:57,996 - ResultsManager - INFO - Loaded 0 results from CSV
2025-03-09 13:21:01,379 - ResultsManager - INFO - Loaded 0 results from CSV
2025-03-09 13:21:01,476 - ResultsManager - INFO - Loaded 0 results from CSV
2025-03-09 13:21:45,194 - ResultsManager - INFO - Loaded 0 results from CSV
2025-03-09 13:21:45,302 - ResultsManager - INFO - Loaded 0 results from CSV
2025-03-09 13:21:56,896 - ResultsManager - INFO - Loaded 1 results from CSV
2025-03-09 13:21:56,897 - ResultsManager - INFO - Saved new calculation for Al 185mm² cable
2025-03-09 13:23:11,220 - ResultsManager - INFO - Loaded 1 results from CSV
2025-03-09 13:23:11,353 - ResultsManager - INFO - Loaded 1 results from CSV
2025-03-09 13:24:37,293 - ResultsManager - INFO - Loaded 1 results from CSV
2025-03-09 13:24:37,415 - ResultsManager - INFO - Loaded 1 results from CSV
2025-03-09 13:25:44,965 - ResultsManager - INFO - Loaded 1 results from CSV
2025-03-09 13:25:45,076 - ResultsManager - INFO - Loaded 1 results from CSV
2025-03-09 13:26:20,617 - ResultsManager - INFO - Loaded 1 results from CSV
2025-03-09 13:26:20,729 - ResultsManager - INFO - Loaded 1 results from CSV
2025-03-09 13:26:32,575 - ResultsManager - INFO - Loaded 1 results from CSV
2025-03-09 13:26:32,675 - ResultsManager - INFO - Loaded 1 results from CSV
2025-03-09 13:27:06,497 - ResultsManager - INFO - Loaded 1 results from CSV
2025-03-09 13:27:06,609 - ResultsManager - INFO - Loaded 1 results from CSV
2025-03-09 13:27:15,461 - ResultsManager - INFO - Loaded 2 results from CSV
2025-03-09 13:27:15,462 - ResultsManager - INFO - Saved new calculation for Al 185mm² cable
2025-03-09 13:29:11,969 - ResultsManager - INFO - Loaded 2 results from CSV
2025-03-09 13:29:12,093 - ResultsManager - INFO - Loaded 2 results from CSV
2025-03-09 13:29:22,641 - ResultsManager - INFO - Loaded 3 results from CSV
2025-03-09 13:29:22,642 - ResultsManager - INFO - Saved new calculation for Al 185mm² cable
2025-03-09 13:31:10,852 - ResultsManager - INFO - Loaded 3 results from CSV
2025-03-09 13:31:10,957 - ResultsManager - INFO - Loaded 3 results from CSV
2025-03-09 13:32:55,879 - ResultsManager - INFO - Loaded 0 results from CSV
2025-03-09 13:32:55,994 - ResultsManager - INFO - Loaded 0 results from CSV
2025-03-09 13:33:03,777 - ResultsManager - INFO - Loaded 1 results from CSV
2025-03-09 13:33:03,777 - ResultsManager - INFO - Saved new calculation for Al 185mm² cable
2025-03-09 13:33:06,519 - ResultsManager - INFO - Loaded 2 results from CSV
2025-03-09 13:33:06,519 - ResultsManager - INFO - Saved new calculation for Al 185mm² cable
2025-03-09 13:36:26,008 - ResultsManager - INFO - Loaded 2 results from CSV
2025-03-09 13:37:26,746 - ResultsManager - INFO - Loaded 2 results from CSV
2025-03-09 13:37:26,873 - ResultsManager - INFO - Loaded 2 results from CSV
2025-03-09 13:39:09,279 - ResultsManager - INFO - Loaded 2 results from CSV
2025-03-09 13:39:09,375 - ResultsManager - INFO - Loaded 2 results from CSV
2025-03-09 13:49:13,857 - ResultsManager - INFO - Loaded 2 results from CSV
2025-03-09 13:49:13,984 - ResultsManager - INFO - Loaded 2 results from CSV
2025-03-09 13:53:40,234 - ResultsManager - INFO - Loaded 2 results from CSV
2025-03-09 13:53:40,358 - ResultsManager - INFO - Loaded 2 results from CSV
2025-03-09 14:00:48,718 - ResultsManager - INFO - Loaded 2 results from CSV
2025-03-09 14:00:48,824 - ResultsManager - INFO - Loaded 2 results from CSV
2025-03-09 14:02:20,371 - ResultsManager - INFO - Loaded 2 results from CSV
2025-03-09 14:02:20,494 - ResultsManager - INFO - Loaded 2 results from CSV
2025-03-09 14:04:04,214 - ResultsManager - INFO - Loaded 2 results from CSV
2025-03-09 14:04:04,332 - ResultsManager - INFO - Loaded 2 results from CSV
2025-03-09 14:09:39,290 - ResultsManager - INFO - Loaded 2 results from CSV
2025-03-09 14:09:56,791 - ResultsManager - INFO - Loaded 2 results from CSV
2025-03-09 14:10:14,330 - ResultsManager - INFO - Loaded 2 results from CSV
2025-03-09 14:10:14,452 - ResultsManager - INFO - Loaded 2 results from CSV
2025-03-09 14:14:28,799 - ResultsManager - INFO - Loaded 2 results from CSV
2025-03-09 14:14:28,865 - ResultsManager - INFO - Loaded 2 results from CSV
2025-03-09 14:18:39,147 - ResultsManager - INFO - Loaded 2 results from CSV
2025-03-09 14:18:39,226 - ResultsManager - INFO - Loaded 2 results from CSV
2025-03-09 14:19:18,767 - ResultsManager - INFO - Loaded 2 results from CSV
2025-03-09 14:19:18,841 - ResultsManager - INFO - Loaded 2 results from CSV
2025-03-09 14:19:49,495 - ResultsManager - INFO - Loaded 2 results from CSV
2025-03-09 14:19:49,574 - ResultsManager - INFO - Loaded 2 results from CSV
2025-03-09 14:20:02,065 - ResultsManager - INFO - Loaded 2 results from CSV
2025-03-09 14:20:02,133 - ResultsManager - INFO - Loaded 2 results from CSV
2025-03-09 14:20:47,224 - ResultsManager - INFO - Loaded 2 results from CSV
2025-03-09 14:20:47,294 - ResultsManager - INFO - Loaded 2 results from CSV
2025-03-09 14:21:59,661 - ResultsManager - INFO - Loaded 2 results from CSV
2025-03-09 14:21:59,724 - ResultsManager - INFO - Loaded 2 results from CSV
2025-03-09 14:22:25,837 - ResultsManager - INFO - Loaded 2 results from CSV
2025-03-09 14:22:25,902 - ResultsManager - INFO - Loaded 2 results from CSV
2025-03-09 14:24:12,847 - ResultsManager - INFO - Loaded 2 results from CSV
2025-03-09 14:24:12,927 - ResultsManager - INFO - Loaded 2 results from CSV
2025-03-09 14:24:51,469 - ResultsManager - INFO - Loaded 2 results from CSV
2025-03-09 14:24:51,542 - ResultsManager - INFO - Loaded 2 results from CSV
2025-03-09 14:25:02,868 - ResultsManager - INFO - Loaded 2 results from CSV
2025-03-09 14:25:02,937 - ResultsManager - INFO - Loaded 2 results from CSV
2025-03-09 14:29:28,938 - ResultsManager - INFO - Loaded 2 results from CSV
2025-03-09 14:30:36,038 - ResultsManager - INFO - Loaded 2 results from CSV
2025-03-09 14:30:36,114 - ResultsManager - INFO - Loaded 2 results from CSV
2025-03-09 14:30:59,090 - ResultsManager - INFO - Loaded 2 results from CSV
2025-03-09 14:30:59,177 - ResultsManager - INFO - Loaded 2 results from CSV
2025-03-09 14:32:10,888 - ResultsManager - INFO - Loaded 2 results from CSV
2025-03-09 14:32:10,985 - ResultsManager - INFO - Loaded 2 results from CSV
2025-03-09 14:38:07,526 - ResultsManager - INFO - Loaded 2 results from CSV
2025-03-09 14:38:07,590 - ResultsManager - INFO - Loaded 2 results from CSV
2025-03-09 14:39:09,693 - ResultsManager - INFO - Loaded 2 results from CSV
2025-03-09 14:39:09,759 - ResultsManager - INFO - Loaded 2 results from CSV
2025-03-09 14:44:39,813 - ResultsManager - INFO - Loaded 2 results from CSV
2025-03-09 14:44:39,879 - ResultsManager - INFO - Loaded 2 results from CSV
2025-03-09 14:47:45,622 - ResultsManager - INFO - Loaded 2 results from CSV
2025-03-09 14:47:45,694 - ResultsManager - INFO - Loaded 2 results from CSV
2025-03-09 14:48:36,800 - ResultsManager - INFO - Loaded 2 results from CSV
2025-03-09 14:48:36,882 - ResultsManager - INFO - Loaded 2 results from CSV
2025-03-09 14:50:26,247 - config - INFO - Loading configuration module
2025-03-09 14:50:26,247 - config - INFO - Initializing configuration system
2025-03-09 14:50:26,247 - config - INFO - Creating default config file at /home/hayden/Documents/qmltest/config.json
2025-03-09 14:50:26,248 - config - INFO - Successfully created config file
2025-03-09 14:51:51,475 - config - INFO - Loading configuration module
2025-03-09 14:51:51,476 - config - INFO - Initializing configuration system
2025-03-09 14:51:51,579 - ResultsManager - INFO - Loaded 2 results from CSV
2025-03-09 14:51:51,645 - ResultsManager - INFO - Loaded 2 results from CSV
2025-03-09 14:52:38,235 - config - INFO - Loading configuration module from: /home/hayden/Documents/qmltest
2025-03-09 14:52:38,235 - config - INFO - Initializing configuration system from: /home/hayden/Documents/qmltest/config.json
2025-03-09 14:52:38,235 - config - INFO - Configuration loaded successfully
2025-03-09 14:52:38,325 - ResultsManager - INFO - Loaded 2 results from CSV
2025-03-09 14:52:38,395 - ResultsManager - INFO - Loaded 2 results from CSV
2025-03-09 15:24:26,869 - config - INFO - Loading configuration module from: /home/hayden/Documents/qmltest
2025-03-09 15:24:26,869 - config - INFO - Initializing configuration system from: /home/hayden/Documents/qmltest/config.json
2025-03-09 15:24:26,869 - config - INFO - Configuration loaded successfully
2025-03-09 15:24:26,963 - ResultsManager - INFO - Loaded 2 results from CSV
2025-03-09 15:24:27,035 - ResultsManager - INFO - Loaded 2 results from CSV
2025-03-09 15:25:04,317 - ResultsManager - INFO - Loaded 2 results from CSV
