2025-03-28 23:26:30,405 - config - INFO - Loading configuration module from: /home/hayden/Documents/qmltest
2025-03-28 23:26:30,520 - ResultsManager - INFO - Loaded 0 results from SQL storage
2025-03-28 23:26:30,520 - qmltest - INFO - 
=== Starting Voltage Drop Calculations ===
2025-03-28 23:26:30,520 - qmltest - INFO - Input Parameters:
2025-03-28 23:26:30,520 - qmltest - INFO - • Current: 0.00 A
2025-03-28 23:26:30,520 - qmltest - INFO - • Length: 0.00 m
2025-03-28 23:26:30,520 - qmltest - INFO - • Installation Method: D1 - Underground direct buried
2025-03-28 23:26:30,520 - qmltest - INFO - • Temperature: 25.0°C
2025-03-28 23:26:30,520 - qmltest - INFO - • Grouping Factor: 1.00
2025-03-28 23:26:30,520 - qmltest - INFO - Invalid input parameters, skipping calculation
2025-03-28 23:26:30,583 - qmltest - INFO - 
=== Starting Voltage Drop Calculations ===
2025-03-28 23:26:30,583 - qmltest - INFO - Input Parameters:
2025-03-28 23:26:30,583 - qmltest - INFO - • Current: 0.00 A
2025-03-28 23:26:30,583 - qmltest - INFO - • Length: 0.00 m
2025-03-28 23:26:30,583 - qmltest - INFO - • Installation Method: D1 - Underground direct buried
2025-03-28 23:26:30,583 - qmltest - INFO - • Temperature: 25.0°C
2025-03-28 23:26:30,583 - qmltest - INFO - • Grouping Factor: 1.00
2025-03-28 23:26:30,583 - qmltest - INFO - Invalid input parameters, skipping calculation
2025-03-28 23:26:30,584 - ResultsManager - INFO - Loaded 0 results from SQL storage
2025-03-28 23:29:09,547 - config - INFO - Loading configuration module from: /home/hayden/Documents/qmltest
2025-03-28 23:29:09,655 - qmltest - INFO - 
=== Starting Voltage Drop Calculations ===
2025-03-28 23:29:09,655 - qmltest - INFO - Input Parameters:
2025-03-28 23:29:09,655 - qmltest - INFO - • Current: 0.00 A
2025-03-28 23:29:09,655 - qmltest - INFO - • Length: 0.00 m
2025-03-28 23:29:09,655 - qmltest - INFO - • Installation Method: D1 - Underground direct buried
2025-03-28 23:29:09,655 - qmltest - INFO - • Temperature: 25.0°C
2025-03-28 23:29:09,655 - qmltest - INFO - • Grouping Factor: 1.00
2025-03-28 23:29:09,655 - qmltest - INFO - Invalid input parameters, skipping calculation
2025-03-28 23:29:09,657 - ResultsManager - INFO - Loaded 0 results from SQL storage
2025-03-28 23:29:09,724 - qmltest - INFO - 
=== Starting Voltage Drop Calculations ===
2025-03-28 23:29:09,724 - qmltest - INFO - Input Parameters:
2025-03-28 23:29:09,724 - qmltest - INFO - • Current: 0.00 A
2025-03-28 23:29:09,724 - qmltest - INFO - • Length: 0.00 m
2025-03-28 23:29:09,724 - qmltest - INFO - • Installation Method: D1 - Underground direct buried
2025-03-28 23:29:09,724 - qmltest - INFO - • Temperature: 25.0°C
2025-03-28 23:29:09,724 - qmltest - INFO - • Grouping Factor: 1.00
2025-03-28 23:29:09,724 - qmltest - INFO - Invalid input parameters, skipping calculation
2025-03-28 23:29:09,725 - ResultsManager - INFO - Loaded 0 results from SQL storage
2025-03-28 23:30:45,038 - config - INFO - Loading configuration module from: /home/hayden/Documents/qmltest
2025-03-28 23:30:45,150 - ResultsManager - INFO - Loaded 0 results from SQL storage
2025-03-28 23:30:45,150 - qmltest - INFO - 
=== Starting Voltage Drop Calculations ===
2025-03-28 23:30:45,150 - qmltest - INFO - Input Parameters:
2025-03-28 23:30:45,150 - qmltest - INFO - • Current: 0.00 A
2025-03-28 23:30:45,150 - qmltest - INFO - • Length: 0.00 m
2025-03-28 23:30:45,150 - qmltest - INFO - • Installation Method: D1 - Underground direct buried
2025-03-28 23:30:45,150 - qmltest - INFO - • Temperature: 25.0°C
2025-03-28 23:30:45,150 - qmltest - INFO - • Grouping Factor: 1.00
2025-03-28 23:30:45,150 - qmltest - INFO - Invalid input parameters, skipping calculation
2025-03-28 23:30:45,218 - qmltest - INFO - 
=== Starting Voltage Drop Calculations ===
2025-03-28 23:30:45,218 - qmltest - INFO - Input Parameters:
2025-03-28 23:30:45,218 - qmltest - INFO - • Current: 0.00 A
2025-03-28 23:30:45,218 - qmltest - INFO - • Length: 0.00 m
2025-03-28 23:30:45,218 - qmltest - INFO - • Installation Method: D1 - Underground direct buried
2025-03-28 23:30:45,218 - qmltest - INFO - • Temperature: 25.0°C
2025-03-28 23:30:45,218 - qmltest - INFO - • Grouping Factor: 1.00
2025-03-28 23:30:45,218 - qmltest - INFO - Invalid input parameters, skipping calculation
2025-03-28 23:30:45,219 - ResultsManager - INFO - Loaded 0 results from SQL storage
2025-03-28 23:31:28,974 - config - INFO - Loading configuration module from: /home/hayden/Documents/qmltest
2025-03-28 23:31:29,081 - qmltest - INFO - 
=== Starting Voltage Drop Calculations ===
2025-03-28 23:31:29,081 - qmltest - INFO - Input Parameters:
2025-03-28 23:31:29,081 - qmltest - INFO - • Current: 0.00 A
2025-03-28 23:31:29,081 - qmltest - INFO - • Length: 0.00 m
2025-03-28 23:31:29,081 - qmltest - INFO - • Installation Method: D1 - Underground direct buried
2025-03-28 23:31:29,081 - qmltest - INFO - • Temperature: 25.0°C
2025-03-28 23:31:29,081 - qmltest - INFO - • Grouping Factor: 1.00
2025-03-28 23:31:29,081 - qmltest - INFO - Invalid input parameters, skipping calculation
2025-03-28 23:31:29,084 - ResultsManager - INFO - Loaded 0 results from SQL storage
2025-03-28 23:31:29,145 - qmltest - INFO - 
=== Starting Voltage Drop Calculations ===
2025-03-28 23:31:29,145 - qmltest - INFO - Input Parameters:
2025-03-28 23:31:29,145 - qmltest - INFO - • Current: 0.00 A
2025-03-28 23:31:29,145 - qmltest - INFO - • Length: 0.00 m
2025-03-28 23:31:29,145 - qmltest - INFO - • Installation Method: D1 - Underground direct buried
2025-03-28 23:31:29,145 - qmltest - INFO - • Temperature: 25.0°C
2025-03-28 23:31:29,145 - qmltest - INFO - • Grouping Factor: 1.00
2025-03-28 23:31:29,145 - qmltest - INFO - Invalid input parameters, skipping calculation
2025-03-28 23:31:29,146 - ResultsManager - INFO - Loaded 0 results from SQL storage
2025-03-28 23:35:24,772 - config - INFO - Loading configuration module from: /home/hayden/Documents/qmltest
2025-03-28 23:35:24,895 - qmltest - INFO - 
=== Starting Voltage Drop Calculations ===
2025-03-28 23:35:24,895 - qmltest - INFO - Input Parameters:
2025-03-28 23:35:24,895 - qmltest - INFO - • Current: 0.00 A
2025-03-28 23:35:24,895 - qmltest - INFO - • Length: 0.00 m
2025-03-28 23:35:24,896 - qmltest - INFO - • Installation Method: D1 - Underground direct buried
2025-03-28 23:35:24,896 - qmltest - INFO - • Temperature: 25.0°C
2025-03-28 23:35:24,898 - qmltest - INFO - • Grouping Factor: 1.00
2025-03-28 23:35:24,898 - qmltest - INFO - Invalid input parameters, skipping calculation
2025-03-28 23:35:24,898 - ResultsManager - INFO - Loaded 0 results from SQL storage
2025-03-28 23:35:24,974 - qmltest - INFO - 
=== Starting Voltage Drop Calculations ===
2025-03-28 23:35:24,974 - qmltest - INFO - Input Parameters:
2025-03-28 23:35:24,974 - qmltest - INFO - • Current: 0.00 A
2025-03-28 23:35:24,974 - qmltest - INFO - • Length: 0.00 m
2025-03-28 23:35:24,975 - qmltest - INFO - • Installation Method: D1 - Underground direct buried
2025-03-28 23:35:24,975 - qmltest - INFO - • Temperature: 25.0°C
2025-03-28 23:35:24,975 - qmltest - INFO - • Grouping Factor: 1.00
2025-03-28 23:35:24,975 - qmltest - INFO - Invalid input parameters, skipping calculation
2025-03-28 23:35:24,976 - ResultsManager - INFO - Loaded 0 results from SQL storage
2025-03-28 23:35:26,914 - qmltest - INFO - 
=== Starting Voltage Drop Calculations ===
2025-03-28 23:35:26,914 - qmltest - INFO - Input Parameters:
2025-03-28 23:35:26,914 - qmltest - INFO - • Current: 0.00 A
2025-03-28 23:35:26,914 - qmltest - INFO - • Length: 0.00 m
2025-03-28 23:35:26,914 - qmltest - INFO - • Installation Method: D2 - Underground in conduit
2025-03-28 23:35:26,914 - qmltest - INFO - • Temperature: 25.0°C
2025-03-28 23:35:26,914 - qmltest - INFO - • Grouping Factor: 1.00
2025-03-28 23:35:26,914 - qmltest - INFO - Invalid input parameters, skipping calculation
2025-03-28 23:35:26,915 - qmltest - INFO - 
=== Starting Voltage Drop Calculations ===
2025-03-28 23:35:26,915 - qmltest - INFO - Input Parameters:
2025-03-28 23:35:26,915 - qmltest - INFO - • Current: 0.00 A
2025-03-28 23:35:26,915 - qmltest - INFO - • Length: 0.00 m
2025-03-28 23:35:26,915 - qmltest - INFO - • Installation Method: D2 - Underground in conduit
2025-03-28 23:35:26,915 - qmltest - INFO - • Temperature: 25.0°C
2025-03-28 23:35:26,915 - qmltest - INFO - • Grouping Factor: 1.00
2025-03-28 23:35:26,915 - qmltest - INFO - Invalid input parameters, skipping calculation
2025-03-28 23:35:26,924 - qmltest - INFO - 
=== Starting Voltage Drop Calculations ===
2025-03-28 23:35:26,924 - qmltest - INFO - Input Parameters:
2025-03-28 23:35:26,924 - qmltest - INFO - • Current: 0.00 A
2025-03-28 23:35:26,924 - qmltest - INFO - • Length: 0.00 m
2025-03-28 23:35:26,924 - qmltest - INFO - • Installation Method: D2 - Underground in conduit
2025-03-28 23:35:26,924 - qmltest - INFO - • Temperature: 25.0°C
2025-03-28 23:35:26,924 - qmltest - INFO - • Grouping Factor: 1.00
2025-03-28 23:35:26,924 - qmltest - INFO - Invalid input parameters, skipping calculation
2025-03-28 23:35:33,379 - qmltest - INFO - 
=== Starting Voltage Drop Calculations ===
2025-03-28 23:35:33,379 - qmltest - INFO - Input Parameters:
2025-03-28 23:35:33,379 - qmltest - INFO - • Current: 0.00 A
2025-03-28 23:35:33,379 - qmltest - INFO - • Length: 0.00 m
2025-03-28 23:35:33,379 - qmltest - INFO - • Installation Method: D2 - Underground in conduit
2025-03-28 23:35:33,379 - qmltest - INFO - • Temperature: 25.0°C
2025-03-28 23:35:33,379 - qmltest - INFO - • Grouping Factor: 1.00
2025-03-28 23:35:33,379 - qmltest - INFO - Invalid input parameters, skipping calculation
2025-03-28 23:35:33,380 - qmltest - INFO - 
=== Starting Voltage Drop Calculations ===
2025-03-28 23:35:33,381 - qmltest - INFO - Input Parameters:
2025-03-28 23:35:33,381 - qmltest - INFO - • Current: 0.00 A
2025-03-28 23:35:33,381 - qmltest - INFO - • Length: 0.00 m
2025-03-28 23:35:33,381 - qmltest - INFO - • Installation Method: D2 - Underground in conduit
2025-03-28 23:35:33,381 - qmltest - INFO - • Temperature: 25.0°C
2025-03-28 23:35:33,381 - qmltest - INFO - • Grouping Factor: 1.00
2025-03-28 23:35:33,381 - qmltest - INFO - Invalid input parameters, skipping calculation
2025-03-28 23:35:33,386 - qmltest - INFO - 
=== Starting Voltage Drop Calculations ===
2025-03-28 23:35:33,386 - qmltest - INFO - Input Parameters:
2025-03-28 23:35:33,386 - qmltest - INFO - • Current: 0.00 A
2025-03-28 23:35:33,386 - qmltest - INFO - • Length: 0.00 m
2025-03-28 23:35:33,386 - qmltest - INFO - • Installation Method: D2 - Underground in conduit
2025-03-28 23:35:33,386 - qmltest - INFO - • Temperature: 25.0°C
2025-03-28 23:35:33,386 - qmltest - INFO - • Grouping Factor: 1.00
2025-03-28 23:35:33,386 - qmltest - INFO - Invalid input parameters, skipping calculation
2025-03-28 23:35:55,721 - qmltest - INFO - 
=== Starting Transformer-Line Calculations ===
2025-03-28 23:35:55,721 - qmltest - INFO - Load MVA: 0.8000 MVA
2025-03-28 23:35:55,722 - qmltest - INFO - Load power factor: 0.85
2025-03-28 23:35:55,722 - qmltest - INFO - 
Transformer Impedance Calculations:
2025-03-28 23:35:55,722 - qmltest - INFO - • Z base: 403.33 ohm
2025-03-28 23:35:55,722 - qmltest - INFO - • Z (pu): 0.060
2025-03-28 23:35:55,722 - qmltest - INFO - • Total Z: 24.20 ohm
2025-03-28 23:35:55,722 - qmltest - INFO - • R: 3.00 ohm
2025-03-28 23:35:55,722 - qmltest - INFO - • X: 24.01 ohm
2025-03-28 23:35:55,722 - qmltest - INFO - 
Line Parameters:
2025-03-28 23:35:55,722 - qmltest - INFO - • Total Z: 1.60 at 38.7 degrees ohm
2025-03-28 23:35:55,722 - qmltest - INFO - 
Load Current:
2025-03-28 23:35:55,722 - qmltest - INFO - • Magnitude: 41.99 A
2025-03-28 23:35:55,722 - qmltest - INFO - • Angle: 31.8°
2025-03-28 23:35:55,722 - qmltest - INFO - • Complex: 35.69-22.12j A
2025-03-28 23:35:55,722 - qmltest - INFO - Source voltage: 6350.85 V
2025-03-28 23:35:55,722 - qmltest - INFO - Voltage drop complex: (705.0129320764006+798.6944070023735j)
2025-03-28 23:35:55,722 - qmltest - INFO - Receiving end voltage: (5645.840029009483-798.6944070023735j)
2025-03-28 23:35:55,722 - qmltest - INFO - Natural voltage drop: 10.22%
2025-03-28 23:35:55,722 - qmltest - INFO - Unregulated voltage: 9.88 kV
2025-03-28 23:35:55,722 - qmltest - INFO - Fault current LV: 7.22 kA
2025-03-28 23:35:55,722 - qmltest - INFO - Fault current HV: 0.25 kA
2025-03-28 23:35:55,722 - qmltest - INFO - Transformer full load current: 15.75 A
2025-03-28 23:35:55,722 - qmltest - INFO - Relay pickup current: 19.68 A
2025-03-28 23:35:55,722 - qmltest - INFO - CT ratio selected: 50/1
2025-03-28 23:35:55,722 - qmltest - INFO - 
Ground fault calculation:
2025-03-28 23:35:55,722 - qmltest - INFO - Z0 transformer: 20.57 ohm
2025-03-28 23:35:55,722 - qmltest - INFO - Z0 line: 3.75+3.00j ohm
2025-03-28 23:35:55,722 - qmltest - INFO - Zn referred: 3781.25 ohm
2025-03-28 23:35:55,722 - qmltest - INFO - Ground fault current: 10.00 A
2025-03-28 23:35:55,722 - qmltest - INFO - 
Protection Settings:
2025-03-28 23:35:55,722 - qmltest - INFO - • Relay Pickup Current: 19.68 A
2025-03-28 23:35:55,722 - qmltest - INFO - • CT Ratio: 50/1
2025-03-28 23:35:55,722 - qmltest - INFO - • Time Dial: 0.30
2025-03-28 23:35:55,722 - qmltest - INFO - • Curve Type: Very Inverse (IEC)
2025-03-28 23:35:55,722 - qmltest - INFO - 
Voltage Regulator:
2025-03-28 23:35:55,722 - qmltest - INFO - • Unregulated Voltage: 9.88 kV
2025-03-28 23:35:55,722 - qmltest - INFO - • Target Voltage: 11.00 kV
2025-03-28 23:35:55,722 - qmltest - INFO - • Tap Position: 16
2025-03-28 23:35:55,722 - qmltest - INFO - • Regulated Voltage: 10.86 kV
2025-03-28 23:35:55,722 - qmltest - INFO - 
=== Calculations Complete ===

2025-03-28 23:36:07,022 - qmltest - INFO - 
=== Starting Transformer-Line Calculations ===
2025-03-28 23:36:07,023 - qmltest - INFO - Load MVA: 0.8000 MVA
2025-03-28 23:36:07,023 - qmltest - INFO - Load power factor: 0.85
2025-03-28 23:36:07,023 - qmltest - INFO - 
Transformer Impedance Calculations:
2025-03-28 23:36:07,023 - qmltest - INFO - • Z base: 403.33 ohm
2025-03-28 23:36:07,023 - qmltest - INFO - • Z (pu): 0.060
2025-03-28 23:36:07,023 - qmltest - INFO - • Total Z: 24.20 ohm
2025-03-28 23:36:07,023 - qmltest - INFO - • R: 3.00 ohm
2025-03-28 23:36:07,023 - qmltest - INFO - • X: 24.01 ohm
2025-03-28 23:36:07,023 - qmltest - INFO - 
Line Parameters:
2025-03-28 23:36:07,023 - qmltest - INFO - • Total Z: 1.60 at 38.7 degrees ohm
2025-03-28 23:36:07,023 - qmltest - INFO - 
Load Current:
2025-03-28 23:36:07,023 - qmltest - INFO - • Magnitude: 41.99 A
2025-03-28 23:36:07,023 - qmltest - INFO - • Angle: 31.8°
2025-03-28 23:36:07,023 - qmltest - INFO - • Complex: 35.69-22.12j A
2025-03-28 23:36:07,023 - qmltest - INFO - Source voltage: 6350.85 V
2025-03-28 23:36:07,023 - qmltest - INFO - Voltage drop complex: (705.0129320764006+798.6944070023735j)
2025-03-28 23:36:07,023 - qmltest - INFO - Receiving end voltage: (5645.840029009483-798.6944070023735j)
2025-03-28 23:36:07,023 - qmltest - INFO - Natural voltage drop: 10.22%
2025-03-28 23:36:07,023 - qmltest - INFO - Unregulated voltage: 9.88 kV
2025-03-28 23:36:07,023 - qmltest - INFO - Fault current LV: 7.22 kA
2025-03-28 23:36:07,023 - qmltest - INFO - Fault current HV: 0.25 kA
2025-03-28 23:36:07,023 - qmltest - INFO - Transformer full load current: 15.75 A
2025-03-28 23:36:07,023 - qmltest - INFO - Relay pickup current: 19.68 A
2025-03-28 23:36:07,023 - qmltest - INFO - CT ratio selected: 50/1
2025-03-28 23:36:07,023 - qmltest - INFO - 
Ground fault calculation:
2025-03-28 23:36:07,023 - qmltest - INFO - Z0 transformer: 20.57 ohm
2025-03-28 23:36:07,023 - qmltest - INFO - Z0 line: 3.75+3.00j ohm
2025-03-28 23:36:07,023 - qmltest - INFO - Zn referred: 3781.25 ohm
2025-03-28 23:36:07,023 - qmltest - INFO - Ground fault current: 10.00 A
2025-03-28 23:36:07,023 - qmltest - INFO - 
Protection Settings:
2025-03-28 23:36:07,023 - qmltest - INFO - • Relay Pickup Current: 19.68 A
2025-03-28 23:36:07,023 - qmltest - INFO - • CT Ratio: 50/1
2025-03-28 23:36:07,023 - qmltest - INFO - • Time Dial: 0.30
2025-03-28 23:36:07,023 - qmltest - INFO - • Curve Type: Very Inverse (IEC)
2025-03-28 23:36:07,023 - qmltest - INFO - 
Voltage Regulator:
2025-03-28 23:36:07,023 - qmltest - INFO - • Unregulated Voltage: 9.88 kV
2025-03-28 23:36:07,023 - qmltest - INFO - • Target Voltage: 11.00 kV
2025-03-28 23:36:07,023 - qmltest - INFO - • Tap Position: 16
2025-03-28 23:36:07,023 - qmltest - INFO - • Regulated Voltage: 10.86 kV
2025-03-28 23:36:07,023 - qmltest - INFO - 
=== Calculations Complete ===

2025-03-28 23:36:07,027 - qmltest - INFO - 
=== Starting Wind Turbine Calculations ===
2025-03-28 23:36:07,027 - qmltest - INFO - Input Parameters:
2025-03-28 23:36:07,027 - qmltest - INFO - • Blade Radius: 25.0 m
2025-03-28 23:36:07,027 - qmltest - INFO - • Wind Speed: 8.0 m/s
2025-03-28 23:36:07,027 - qmltest - INFO - • Air Density: 1.225 kg/m³
2025-03-28 23:36:07,027 - qmltest - INFO - • Power Coefficient: 0.4
2025-03-28 23:36:07,027 - qmltest - INFO - • Generator Efficiency: 90.0%
2025-03-28 23:36:07,027 - qmltest - INFO - 
Swept Area: 1963.50 m²
2025-03-28 23:36:07,027 - qmltest - INFO - Theoretical Power: 615.75 kW
2025-03-28 23:36:07,027 - qmltest - INFO - Actual Power Output: 221.67 kW
2025-03-28 23:36:07,027 - qmltest - INFO - 
Annual Energy Production: 679.64 MWh
2025-03-28 23:36:07,027 - qmltest - INFO - 
Rated Capcacity: 266.00 MVA
2025-03-28 23:36:07,027 - qmltest - INFO - 
Ouput Current: 319.95 MVA
2025-03-28 23:36:07,027 - qmltest - INFO - 
Generating Power Curve...
2025-03-28 23:36:07,027 - qmltest - INFO - === Wind Turbine Calculations Complete ===

2025-03-28 23:36:21,517 - qmltest - INFO - 
=== Starting Wind Turbine Calculations ===
2025-03-28 23:36:21,518 - qmltest - INFO - Input Parameters:
2025-03-28 23:36:21,518 - qmltest - INFO - • Blade Radius: 25.0 m
2025-03-28 23:36:21,518 - qmltest - INFO - • Wind Speed: 8.0 m/s
2025-03-28 23:36:21,518 - qmltest - INFO - • Air Density: 1.225 kg/m³
2025-03-28 23:36:21,518 - qmltest - INFO - • Power Coefficient: 0.4
2025-03-28 23:36:21,518 - qmltest - INFO - • Generator Efficiency: 90.0%
2025-03-28 23:36:21,518 - qmltest - INFO - 
Swept Area: 1963.50 m²
2025-03-28 23:36:21,518 - qmltest - INFO - Theoretical Power: 615.75 kW
2025-03-28 23:36:21,518 - qmltest - INFO - Actual Power Output: 221.67 kW
2025-03-28 23:36:21,518 - qmltest - INFO - 
Annual Energy Production: 679.64 MWh
2025-03-28 23:36:21,518 - qmltest - INFO - 
Rated Capcacity: 266.00 MVA
2025-03-28 23:36:21,518 - qmltest - INFO - 
Ouput Current: 319.95 MVA
2025-03-28 23:36:21,518 - qmltest - INFO - 
Generating Power Curve...
2025-03-28 23:36:21,519 - qmltest - INFO - === Wind Turbine Calculations Complete ===

2025-03-28 23:36:23,288 - qmltest - INFO - 
=== Starting Wind Turbine Calculations ===
2025-03-28 23:36:23,288 - qmltest - INFO - Input Parameters:
2025-03-28 23:36:23,288 - qmltest - INFO - • Blade Radius: 25.0 m
2025-03-28 23:36:23,288 - qmltest - INFO - • Wind Speed: 8.0 m/s
2025-03-28 23:36:23,288 - qmltest - INFO - • Air Density: 1.225 kg/m³
2025-03-28 23:36:23,288 - qmltest - INFO - • Power Coefficient: 0.4
2025-03-28 23:36:23,288 - qmltest - INFO - • Generator Efficiency: 90.0%
2025-03-28 23:36:23,288 - qmltest - INFO - 
Swept Area: 1963.50 m²
2025-03-28 23:36:23,288 - qmltest - INFO - Theoretical Power: 615.75 kW
2025-03-28 23:36:23,288 - qmltest - INFO - Actual Power Output: 221.67 kW
2025-03-28 23:36:23,288 - qmltest - INFO - 
Annual Energy Production: 679.64 MWh
2025-03-28 23:36:23,288 - qmltest - INFO - 
Rated Capcacity: 266.00 MVA
2025-03-28 23:36:23,288 - qmltest - INFO - 
Ouput Current: 319.95 MVA
2025-03-28 23:36:23,288 - qmltest - INFO - 
Generating Power Curve...
2025-03-28 23:36:23,288 - qmltest - INFO - === Wind Turbine Calculations Complete ===

2025-03-28 23:37:12,557 - config - INFO - Loading configuration module from: /home/hayden/Documents/qmltest
2025-03-28 23:37:12,666 - qmltest - INFO - 
=== Starting Voltage Drop Calculations ===
2025-03-28 23:37:12,666 - qmltest - INFO - Input Parameters:
2025-03-28 23:37:12,666 - qmltest - INFO - • Current: 0.00 A
2025-03-28 23:37:12,666 - qmltest - INFO - • Length: 0.00 m
2025-03-28 23:37:12,666 - qmltest - INFO - • Installation Method: D1 - Underground direct buried
2025-03-28 23:37:12,667 - qmltest - INFO - • Temperature: 25.0°C
2025-03-28 23:37:12,667 - qmltest - INFO - • Grouping Factor: 1.00
2025-03-28 23:37:12,667 - qmltest - INFO - Invalid input parameters, skipping calculation
2025-03-28 23:37:12,670 - ResultsManager - INFO - Loaded 0 results from SQL storage
2025-03-28 23:37:12,733 - qmltest - INFO - 
=== Starting Voltage Drop Calculations ===
2025-03-28 23:37:12,733 - qmltest - INFO - Input Parameters:
2025-03-28 23:37:12,733 - qmltest - INFO - • Current: 0.00 A
2025-03-28 23:37:12,733 - qmltest - INFO - • Length: 0.00 m
2025-03-28 23:37:12,733 - qmltest - INFO - • Installation Method: D1 - Underground direct buried
2025-03-28 23:37:12,733 - qmltest - INFO - • Temperature: 25.0°C
2025-03-28 23:37:12,733 - qmltest - INFO - • Grouping Factor: 1.00
2025-03-28 23:37:12,733 - qmltest - INFO - Invalid input parameters, skipping calculation
2025-03-28 23:37:12,735 - ResultsManager - INFO - Loaded 0 results from SQL storage
2025-03-28 23:37:32,320 - qmltest - INFO - 
=== Starting Transformer-Line Calculations ===
2025-03-28 23:37:32,320 - qmltest - INFO - Load MVA: 0.8000 MVA
2025-03-28 23:37:32,320 - qmltest - INFO - Load power factor: 0.85
2025-03-28 23:37:32,320 - qmltest - INFO - 
Transformer Impedance Calculations:
2025-03-28 23:37:32,320 - qmltest - INFO - • Z base: 403.33 ohm
2025-03-28 23:37:32,320 - qmltest - INFO - • Z (pu): 0.060
2025-03-28 23:37:32,320 - qmltest - INFO - • Total Z: 24.20 ohm
2025-03-28 23:37:32,320 - qmltest - INFO - • R: 3.00 ohm
2025-03-28 23:37:32,320 - qmltest - INFO - • X: 24.01 ohm
2025-03-28 23:37:32,320 - qmltest - INFO - 
Line Parameters:
2025-03-28 23:37:32,320 - qmltest - INFO - • Total Z: 1.60 at 38.7 degrees ohm
2025-03-28 23:37:32,320 - qmltest - INFO - 
Load Current:
2025-03-28 23:37:32,320 - qmltest - INFO - • Magnitude: 41.99 A
2025-03-28 23:37:32,320 - qmltest - INFO - • Angle: 31.8°
2025-03-28 23:37:32,320 - qmltest - INFO - • Complex: 35.69-22.12j A
2025-03-28 23:37:32,320 - qmltest - INFO - Source voltage: 6350.85 V
2025-03-28 23:37:32,320 - qmltest - INFO - Voltage drop complex: (705.0129320764006+798.6944070023735j)
2025-03-28 23:37:32,320 - qmltest - INFO - Receiving end voltage: (5645.840029009483-798.6944070023735j)
2025-03-28 23:37:32,320 - qmltest - INFO - Natural voltage drop: 10.22%
2025-03-28 23:37:32,320 - qmltest - INFO - Unregulated voltage: 9.88 kV
2025-03-28 23:37:32,320 - qmltest - INFO - Fault current LV: 7.22 kA
2025-03-28 23:37:32,321 - qmltest - INFO - Fault current HV: 0.25 kA
2025-03-28 23:37:32,321 - qmltest - INFO - Transformer full load current: 15.75 A
2025-03-28 23:37:32,321 - qmltest - INFO - Relay pickup current: 19.68 A
2025-03-28 23:37:32,321 - qmltest - INFO - CT ratio selected: 50/1
2025-03-28 23:37:32,321 - qmltest - INFO - 
Ground fault calculation:
2025-03-28 23:37:32,321 - qmltest - INFO - Z0 transformer: 20.57 ohm
2025-03-28 23:37:32,321 - qmltest - INFO - Z0 line: 3.75+3.00j ohm
2025-03-28 23:37:32,321 - qmltest - INFO - Zn referred: 3781.25 ohm
2025-03-28 23:37:32,321 - qmltest - INFO - Ground fault current: 10.00 A
2025-03-28 23:37:32,321 - qmltest - INFO - 
Protection Settings:
2025-03-28 23:37:32,321 - qmltest - INFO - • Relay Pickup Current: 19.68 A
2025-03-28 23:37:32,321 - qmltest - INFO - • CT Ratio: 50/1
2025-03-28 23:37:32,321 - qmltest - INFO - • Time Dial: 0.30
2025-03-28 23:37:32,321 - qmltest - INFO - • Curve Type: Very Inverse (IEC)
2025-03-28 23:37:32,321 - qmltest - INFO - 
Voltage Regulator:
2025-03-28 23:37:32,321 - qmltest - INFO - • Unregulated Voltage: 9.88 kV
2025-03-28 23:37:32,321 - qmltest - INFO - • Target Voltage: 11.00 kV
2025-03-28 23:37:32,321 - qmltest - INFO - • Tap Position: 16
2025-03-28 23:37:32,321 - qmltest - INFO - • Regulated Voltage: 10.86 kV
2025-03-28 23:37:32,321 - qmltest - INFO - 
=== Calculations Complete ===

2025-03-28 23:38:38,523 - qmltest - INFO - 
=== Starting Transformer-Line Calculations ===
2025-03-28 23:38:38,523 - qmltest - INFO - Load MVA: 0.8000 MVA
2025-03-28 23:38:38,523 - qmltest - INFO - Load power factor: 0.85
2025-03-28 23:38:38,523 - qmltest - INFO - 
Transformer Impedance Calculations:
2025-03-28 23:38:38,523 - qmltest - INFO - • Z base: 403.33 ohm
2025-03-28 23:38:38,523 - qmltest - INFO - • Z (pu): 0.060
2025-03-28 23:38:38,523 - qmltest - INFO - • Total Z: 24.20 ohm
2025-03-28 23:38:38,523 - qmltest - INFO - • R: 3.00 ohm
2025-03-28 23:38:38,523 - qmltest - INFO - • X: 24.01 ohm
2025-03-28 23:38:38,523 - qmltest - INFO - 
Line Parameters:
2025-03-28 23:38:38,523 - qmltest - INFO - • Total Z: 1.60 at 38.7 degrees ohm
2025-03-28 23:38:38,523 - qmltest - INFO - 
Load Current:
2025-03-28 23:38:38,523 - qmltest - INFO - • Magnitude: 41.99 A
2025-03-28 23:38:38,523 - qmltest - INFO - • Angle: 31.8°
2025-03-28 23:38:38,523 - qmltest - INFO - • Complex: 35.69-22.12j A
2025-03-28 23:38:38,523 - qmltest - INFO - Source voltage: 6350.85 V
2025-03-28 23:38:38,523 - qmltest - INFO - Voltage drop complex: (705.0129320764006+798.6944070023735j)
2025-03-28 23:38:38,523 - qmltest - INFO - Receiving end voltage: (5645.840029009483-798.6944070023735j)
2025-03-28 23:38:38,523 - qmltest - INFO - Natural voltage drop: 10.22%
2025-03-28 23:38:38,523 - qmltest - INFO - Unregulated voltage: 9.88 kV
2025-03-28 23:38:38,523 - qmltest - INFO - Fault current LV: 7.22 kA
2025-03-28 23:38:38,523 - qmltest - INFO - Fault current HV: 0.25 kA
2025-03-28 23:38:38,523 - qmltest - INFO - Transformer full load current: 15.75 A
2025-03-28 23:38:38,523 - qmltest - INFO - Relay pickup current: 19.68 A
2025-03-28 23:38:38,523 - qmltest - INFO - CT ratio selected: 50/1
2025-03-28 23:38:38,523 - qmltest - INFO - 
Ground fault calculation:
2025-03-28 23:38:38,523 - qmltest - INFO - Z0 transformer: 20.57 ohm
2025-03-28 23:38:38,523 - qmltest - INFO - Z0 line: 3.75+3.00j ohm
2025-03-28 23:38:38,523 - qmltest - INFO - Zn referred: 3781.25 ohm
2025-03-28 23:38:38,524 - qmltest - INFO - Ground fault current: 10.00 A
2025-03-28 23:38:38,524 - qmltest - INFO - 
Protection Settings:
2025-03-28 23:38:38,524 - qmltest - INFO - • Relay Pickup Current: 19.68 A
2025-03-28 23:38:38,524 - qmltest - INFO - • CT Ratio: 50/1
2025-03-28 23:38:38,524 - qmltest - INFO - • Time Dial: 0.30
2025-03-28 23:38:38,524 - qmltest - INFO - • Curve Type: Very Inverse (IEC)
2025-03-28 23:38:38,524 - qmltest - INFO - 
Voltage Regulator:
2025-03-28 23:38:38,524 - qmltest - INFO - • Unregulated Voltage: 9.88 kV
2025-03-28 23:38:38,524 - qmltest - INFO - • Target Voltage: 11.00 kV
2025-03-28 23:38:38,524 - qmltest - INFO - • Tap Position: 16
2025-03-28 23:38:38,524 - qmltest - INFO - • Regulated Voltage: 10.86 kV
2025-03-28 23:38:38,524 - qmltest - INFO - 
=== Calculations Complete ===

2025-03-28 23:38:38,527 - qmltest - INFO - 
=== Starting Wind Turbine Calculations ===
2025-03-28 23:38:38,527 - qmltest - INFO - Input Parameters:
2025-03-28 23:38:38,527 - qmltest - INFO - • Blade Radius: 25.0 m
2025-03-28 23:38:38,527 - qmltest - INFO - • Wind Speed: 8.0 m/s
2025-03-28 23:38:38,527 - qmltest - INFO - • Air Density: 1.225 kg/m³
2025-03-28 23:38:38,527 - qmltest - INFO - • Power Coefficient: 0.4
2025-03-28 23:38:38,527 - qmltest - INFO - • Generator Efficiency: 90.0%
2025-03-28 23:38:38,527 - qmltest - INFO - 
Swept Area: 1963.50 m²
2025-03-28 23:38:38,527 - qmltest - INFO - Theoretical Power: 615.75 kW
2025-03-28 23:38:38,527 - qmltest - INFO - Actual Power Output: 221.67 kW
2025-03-28 23:38:38,527 - qmltest - INFO - 
Annual Energy Production: 679.64 MWh
2025-03-28 23:38:38,527 - qmltest - INFO - 
Rated Capcacity: 266.00 MVA
2025-03-28 23:38:38,527 - qmltest - INFO - 
Ouput Current: 319.95 MVA
2025-03-28 23:38:38,527 - qmltest - INFO - 
Generating Power Curve...
2025-03-28 23:38:38,527 - qmltest - INFO - === Wind Turbine Calculations Complete ===

2025-03-28 23:38:43,730 - qmltest - INFO - 
=== Starting Wind Turbine Calculations ===
2025-03-28 23:38:43,730 - qmltest - INFO - Input Parameters:
2025-03-28 23:38:43,730 - qmltest - INFO - • Blade Radius: 25.0 m
2025-03-28 23:38:43,731 - qmltest - INFO - • Wind Speed: 8.0 m/s
2025-03-28 23:38:43,731 - qmltest - INFO - • Air Density: 1.225 kg/m³
2025-03-28 23:38:43,731 - qmltest - INFO - • Power Coefficient: 0.4
2025-03-28 23:38:43,731 - qmltest - INFO - • Generator Efficiency: 90.0%
2025-03-28 23:38:43,731 - qmltest - INFO - 
Swept Area: 1963.50 m²
2025-03-28 23:38:43,731 - qmltest - INFO - Theoretical Power: 615.75 kW
2025-03-28 23:38:43,731 - qmltest - INFO - Actual Power Output: 221.67 kW
2025-03-28 23:38:43,731 - qmltest - INFO - 
Annual Energy Production: 679.64 MWh
2025-03-28 23:38:43,731 - qmltest - INFO - 
Rated Capcacity: 266.00 MVA
2025-03-28 23:38:43,731 - qmltest - INFO - 
Ouput Current: 319.95 MVA
2025-03-28 23:38:43,731 - qmltest - INFO - 
Generating Power Curve...
2025-03-28 23:38:43,732 - qmltest - INFO - === Wind Turbine Calculations Complete ===

2025-03-28 23:38:43,732 - qmltest - INFO - 
=== Starting Transformer-Line Calculations ===
2025-03-28 23:38:43,732 - qmltest - INFO - Load MVA: 0.2217 MVA
2025-03-28 23:38:43,732 - qmltest - INFO - Load power factor: 0.85
2025-03-28 23:38:43,732 - qmltest - INFO - 
Transformer Impedance Calculations:
2025-03-28 23:38:43,732 - qmltest - INFO - • Z base: 403.33 ohm
2025-03-28 23:38:43,732 - qmltest - INFO - • Z (pu): 0.060
2025-03-28 23:38:43,732 - qmltest - INFO - • Total Z: 24.20 ohm
2025-03-28 23:38:43,732 - qmltest - INFO - • R: 3.00 ohm
2025-03-28 23:38:43,732 - qmltest - INFO - • X: 24.01 ohm
2025-03-28 23:38:43,732 - qmltest - INFO - 
Line Parameters:
2025-03-28 23:38:43,732 - qmltest - INFO - • Total Z: 1.60 at 38.7 degrees ohm
2025-03-28 23:38:43,732 - qmltest - INFO - 
Load Current:
2025-03-28 23:38:43,732 - qmltest - INFO - • Magnitude: 11.63 A
2025-03-28 23:38:43,732 - qmltest - INFO - • Angle: 31.8°
2025-03-28 23:38:43,732 - qmltest - INFO - • Complex: 9.89-6.13j A
2025-03-28 23:38:43,732 - qmltest - INFO - Source voltage: 6350.85 V
2025-03-28 23:38:43,732 - qmltest - INFO - Voltage drop complex: (195.35095612215719+221.30901286846876j)
2025-03-28 23:38:43,733 - qmltest - INFO - Receiving end voltage: (6155.502004963727-221.30901286846876j)
2025-03-28 23:38:43,733 - qmltest - INFO - Natural voltage drop: 3.01%
2025-03-28 23:38:43,733 - qmltest - INFO - Unregulated voltage: 10.67 kV
2025-03-28 23:38:43,733 - qmltest - INFO - Fault current LV: 7.22 kA
2025-03-28 23:38:43,733 - qmltest - INFO - Fault current HV: 0.25 kA
2025-03-28 23:38:43,733 - qmltest - INFO - Transformer full load current: 15.75 A
2025-03-28 23:38:43,733 - qmltest - INFO - Relay pickup current: 19.68 A
2025-03-28 23:38:43,733 - qmltest - INFO - CT ratio selected: 50/1
2025-03-28 23:38:43,733 - qmltest - INFO - 
Ground fault calculation:
2025-03-28 23:38:43,733 - qmltest - INFO - Z0 transformer: 20.57 ohm
2025-03-28 23:38:43,733 - qmltest - INFO - Z0 line: 3.75+3.00j ohm
2025-03-28 23:38:43,733 - qmltest - INFO - Zn referred: 3781.25 ohm
2025-03-28 23:38:43,733 - qmltest - INFO - Ground fault current: 10.00 A
2025-03-28 23:38:43,733 - qmltest - INFO - 
Protection Settings:
2025-03-28 23:38:43,733 - qmltest - INFO - • Relay Pickup Current: 19.68 A
2025-03-28 23:38:43,733 - qmltest - INFO - • CT Ratio: 50/1
2025-03-28 23:38:43,733 - qmltest - INFO - • Time Dial: 0.30
2025-03-28 23:38:43,733 - qmltest - INFO - • Curve Type: Very Inverse (IEC)
2025-03-28 23:38:43,733 - qmltest - INFO - 
Voltage Regulator:
2025-03-28 23:38:43,733 - qmltest - INFO - • Unregulated Voltage: 10.67 kV
2025-03-28 23:38:43,733 - qmltest - INFO - • Target Voltage: 11.00 kV
2025-03-28 23:38:43,733 - qmltest - INFO - • Tap Position: 5
2025-03-28 23:38:43,733 - qmltest - INFO - • Regulated Voltage: 11.00 kV
2025-03-28 23:38:43,733 - qmltest - INFO - 
=== Calculations Complete ===

2025-03-28 23:38:47,835 - qmltest - INFO - 
=== Starting Transformer-Line Calculations ===
2025-03-28 23:38:47,835 - qmltest - INFO - Load MVA: 0.2220 MVA
2025-03-28 23:38:47,835 - qmltest - INFO - Load power factor: 0.85
2025-03-28 23:38:47,835 - qmltest - INFO - 
Transformer Impedance Calculations:
2025-03-28 23:38:47,835 - qmltest - INFO - • Z base: 403.33 ohm
2025-03-28 23:38:47,835 - qmltest - INFO - • Z (pu): 0.060
2025-03-28 23:38:47,835 - qmltest - INFO - • Total Z: 24.20 ohm
2025-03-28 23:38:47,835 - qmltest - INFO - • R: 3.00 ohm
2025-03-28 23:38:47,835 - qmltest - INFO - • X: 24.01 ohm
2025-03-28 23:38:47,835 - qmltest - INFO - 
Line Parameters:
2025-03-28 23:38:47,836 - qmltest - INFO - • Total Z: 1.60 at 38.7 degrees ohm
2025-03-28 23:38:47,836 - qmltest - INFO - 
Load Current:
2025-03-28 23:38:47,836 - qmltest - INFO - • Magnitude: 11.65 A
2025-03-28 23:38:47,836 - qmltest - INFO - • Angle: 31.8°
2025-03-28 23:38:47,836 - qmltest - INFO - • Complex: 9.90-6.14j A
2025-03-28 23:38:47,836 - qmltest - INFO - Source voltage: 6350.85 V
2025-03-28 23:38:47,836 - qmltest - INFO - Voltage drop complex: (195.64108865120116+221.63769794315863j)
2025-03-28 23:38:47,836 - qmltest - INFO - Receiving end voltage: (6155.211872434683-221.63769794315863j)
2025-03-28 23:38:47,836 - qmltest - INFO - Natural voltage drop: 3.02%
2025-03-28 23:38:47,836 - qmltest - INFO - Unregulated voltage: 10.67 kV
2025-03-28 23:38:47,836 - qmltest - INFO - Fault current LV: 7.22 kA
2025-03-28 23:38:47,836 - qmltest - INFO - Fault current HV: 0.25 kA
2025-03-28 23:38:47,836 - qmltest - INFO - Transformer full load current: 15.75 A
2025-03-28 23:38:47,836 - qmltest - INFO - Relay pickup current: 19.68 A
2025-03-28 23:38:47,836 - qmltest - INFO - CT ratio selected: 50/1
2025-03-28 23:38:47,836 - qmltest - INFO - 
Ground fault calculation:
2025-03-28 23:38:47,836 - qmltest - INFO - Z0 transformer: 20.57 ohm
2025-03-28 23:38:47,836 - qmltest - INFO - Z0 line: 3.75+3.00j ohm
2025-03-28 23:38:47,836 - qmltest - INFO - Zn referred: 3781.25 ohm
2025-03-28 23:38:47,836 - qmltest - INFO - Ground fault current: 10.00 A
2025-03-28 23:38:47,836 - qmltest - INFO - 
Protection Settings:
2025-03-28 23:38:47,836 - qmltest - INFO - • Relay Pickup Current: 19.68 A
2025-03-28 23:38:47,836 - qmltest - INFO - • CT Ratio: 50/1
2025-03-28 23:38:47,837 - qmltest - INFO - • Time Dial: 0.30
2025-03-28 23:38:47,837 - qmltest - INFO - • Curve Type: Very Inverse (IEC)
2025-03-28 23:38:47,837 - qmltest - INFO - 
Voltage Regulator:
2025-03-28 23:38:47,837 - qmltest - INFO - • Unregulated Voltage: 10.67 kV
2025-03-28 23:38:47,837 - qmltest - INFO - • Target Voltage: 11.00 kV
2025-03-28 23:38:47,837 - qmltest - INFO - • Tap Position: 5
2025-03-28 23:38:47,837 - qmltest - INFO - • Regulated Voltage: 11.00 kV
2025-03-28 23:38:47,837 - qmltest - INFO - 
=== Calculations Complete ===

2025-03-28 23:38:47,838 - qmltest - INFO - 
=== Starting Transformer-Line Calculations ===
2025-03-28 23:38:47,838 - qmltest - INFO - Load MVA: 0.2220 MVA
2025-03-28 23:38:47,838 - qmltest - INFO - Load power factor: 0.85
2025-03-28 23:38:47,839 - qmltest - INFO - 
Transformer Impedance Calculations:
2025-03-28 23:38:47,839 - qmltest - INFO - • Z base: 403.33 ohm
2025-03-28 23:38:47,839 - qmltest - INFO - • Z (pu): 0.060
2025-03-28 23:38:47,839 - qmltest - INFO - • Total Z: 24.20 ohm
2025-03-28 23:38:47,839 - qmltest - INFO - • R: 3.00 ohm
2025-03-28 23:38:47,839 - qmltest - INFO - • X: 24.01 ohm
2025-03-28 23:38:47,839 - qmltest - INFO - 
Line Parameters:
2025-03-28 23:38:47,839 - qmltest - INFO - • Total Z: 1.60 at 38.7 degrees ohm
2025-03-28 23:38:47,839 - qmltest - INFO - 
Load Current:
2025-03-28 23:38:47,839 - qmltest - INFO - • Magnitude: 11.65 A
2025-03-28 23:38:47,839 - qmltest - INFO - • Angle: 31.8°
2025-03-28 23:38:47,839 - qmltest - INFO - • Complex: 9.90-6.14j A
2025-03-28 23:38:47,839 - qmltest - INFO - Source voltage: 6350.85 V
2025-03-28 23:38:47,839 - qmltest - INFO - Voltage drop complex: (195.64108865120116+221.63769794315863j)
2025-03-28 23:38:47,839 - qmltest - INFO - Receiving end voltage: (6155.211872434683-221.63769794315863j)
2025-03-28 23:38:47,839 - qmltest - INFO - Natural voltage drop: 3.02%
2025-03-28 23:38:47,839 - qmltest - INFO - Unregulated voltage: 10.67 kV
2025-03-28 23:38:47,839 - qmltest - INFO - Fault current LV: 7.22 kA
2025-03-28 23:38:47,839 - qmltest - INFO - Fault current HV: 0.25 kA
2025-03-28 23:38:47,839 - qmltest - INFO - Transformer full load current: 15.75 A
2025-03-28 23:38:47,839 - qmltest - INFO - Relay pickup current: 19.68 A
2025-03-28 23:38:47,839 - qmltest - INFO - CT ratio selected: 50/1
2025-03-28 23:38:47,839 - qmltest - INFO - 
Ground fault calculation:
2025-03-28 23:38:47,839 - qmltest - INFO - Z0 transformer: 20.57 ohm
2025-03-28 23:38:47,839 - qmltest - INFO - Z0 line: 3.75+3.00j ohm
2025-03-28 23:38:47,839 - qmltest - INFO - Zn referred: 3781.25 ohm
2025-03-28 23:38:47,839 - qmltest - INFO - Ground fault current: 10.00 A
2025-03-28 23:38:47,839 - qmltest - INFO - 
Protection Settings:
2025-03-28 23:38:47,839 - qmltest - INFO - • Relay Pickup Current: 19.68 A
2025-03-28 23:38:47,839 - qmltest - INFO - • CT Ratio: 50/1
2025-03-28 23:38:47,840 - qmltest - INFO - • Time Dial: 0.30
2025-03-28 23:38:47,840 - qmltest - INFO - • Curve Type: Very Inverse (IEC)
2025-03-28 23:38:47,840 - qmltest - INFO - 
Voltage Regulator:
2025-03-28 23:38:47,840 - qmltest - INFO - • Unregulated Voltage: 10.67 kV
2025-03-28 23:38:47,840 - qmltest - INFO - • Target Voltage: 11.00 kV
2025-03-28 23:38:47,840 - qmltest - INFO - • Tap Position: 5
2025-03-28 23:38:47,840 - qmltest - INFO - • Regulated Voltage: 11.00 kV
2025-03-28 23:38:47,840 - qmltest - INFO - 
=== Calculations Complete ===

2025-03-28 23:38:48,811 - qmltest - INFO - 
=== Starting Transformer-Line Calculations ===
2025-03-28 23:38:48,811 - qmltest - INFO - Load MVA: 0.2217 MVA
2025-03-28 23:38:48,811 - qmltest - INFO - Load power factor: 0.85
2025-03-28 23:38:48,811 - qmltest - INFO - 
Transformer Impedance Calculations:
2025-03-28 23:38:48,811 - qmltest - INFO - • Z base: 403.33 ohm
2025-03-28 23:38:48,811 - qmltest - INFO - • Z (pu): 0.060
2025-03-28 23:38:48,811 - qmltest - INFO - • Total Z: 24.20 ohm
2025-03-28 23:38:48,812 - qmltest - INFO - • R: 3.00 ohm
2025-03-28 23:38:48,812 - qmltest - INFO - • X: 24.01 ohm
2025-03-28 23:38:48,812 - qmltest - INFO - 
Line Parameters:
2025-03-28 23:38:48,812 - qmltest - INFO - • Total Z: 1.60 at 38.7 degrees ohm
2025-03-28 23:38:48,812 - qmltest - INFO - 
Load Current:
2025-03-28 23:38:48,812 - qmltest - INFO - • Magnitude: 11.63 A
2025-03-28 23:38:48,812 - qmltest - INFO - • Angle: 31.8°
2025-03-28 23:38:48,812 - qmltest - INFO - • Complex: 9.89-6.13j A
2025-03-28 23:38:48,812 - qmltest - INFO - Source voltage: 6350.85 V
2025-03-28 23:38:48,812 - qmltest - INFO - Voltage drop complex: (195.35095612215719+221.30901286846876j)
2025-03-28 23:38:48,812 - qmltest - INFO - Receiving end voltage: (6155.502004963727-221.30901286846876j)
2025-03-28 23:38:48,812 - qmltest - INFO - Natural voltage drop: 3.01%
2025-03-28 23:38:48,812 - qmltest - INFO - Unregulated voltage: 10.67 kV
2025-03-28 23:38:48,812 - qmltest - INFO - Fault current LV: 7.22 kA
2025-03-28 23:38:48,812 - qmltest - INFO - Fault current HV: 0.25 kA
2025-03-28 23:38:48,812 - qmltest - INFO - Transformer full load current: 15.75 A
2025-03-28 23:38:48,812 - qmltest - INFO - Relay pickup current: 19.68 A
2025-03-28 23:38:48,812 - qmltest - INFO - CT ratio selected: 50/1
2025-03-28 23:38:48,812 - qmltest - INFO - 
Ground fault calculation:
2025-03-28 23:38:48,812 - qmltest - INFO - Z0 transformer: 20.57 ohm
2025-03-28 23:38:48,812 - qmltest - INFO - Z0 line: 3.75+3.00j ohm
2025-03-28 23:38:48,812 - qmltest - INFO - Zn referred: 3781.25 ohm
2025-03-28 23:38:48,812 - qmltest - INFO - Ground fault current: 10.00 A
2025-03-28 23:38:48,812 - qmltest - INFO - 
Protection Settings:
2025-03-28 23:38:48,812 - qmltest - INFO - • Relay Pickup Current: 19.68 A
2025-03-28 23:38:48,812 - qmltest - INFO - • CT Ratio: 50/1
2025-03-28 23:38:48,812 - qmltest - INFO - • Time Dial: 0.30
2025-03-28 23:38:48,812 - qmltest - INFO - • Curve Type: Very Inverse (IEC)
2025-03-28 23:38:48,812 - qmltest - INFO - 
Voltage Regulator:
2025-03-28 23:38:48,812 - qmltest - INFO - • Unregulated Voltage: 10.67 kV
2025-03-28 23:38:48,812 - qmltest - INFO - • Target Voltage: 11.00 kV
2025-03-28 23:38:48,812 - qmltest - INFO - • Tap Position: 5
2025-03-28 23:38:48,821 - qmltest - INFO - • Regulated Voltage: 11.00 kV
2025-03-28 23:38:48,821 - qmltest - INFO - 
=== Calculations Complete ===

