2025-03-29 12:59:49,886 - config - INFO - Loading configuration module from: /home/hayden/Documents/qmltest
2025-03-29 12:59:49,974 - qmltest - INFO - 
=== Starting Voltage Drop Calculations ===
2025-03-29 12:59:49,974 - qmltest - INFO - Input Parameters:
2025-03-29 12:59:49,974 - qmltest - INFO - • Current: 0.00 A
2025-03-29 12:59:49,974 - qmltest - INFO - • Length: 0.00 m
2025-03-29 12:59:49,974 - qmltest - INFO - • Installation Method: D1 - Underground direct buried
2025-03-29 12:59:49,974 - qmltest - INFO - • Temperature: 25.0°C
2025-03-29 12:59:49,974 - qmltest - INFO - • Grouping Factor: 1.00
2025-03-29 12:59:49,974 - qmltest - INFO - Invalid input parameters, skipping calculation
2025-03-29 12:59:49,977 - ResultsManager - INFO - Loaded 0 results from SQL storage
2025-03-29 12:59:50,025 - qmltest - INFO - 
=== Starting Voltage Drop Calculations ===
2025-03-29 12:59:50,025 - qmltest - INFO - Input Parameters:
2025-03-29 12:59:50,025 - qmltest - INFO - • Current: 0.00 A
2025-03-29 12:59:50,025 - qmltest - INFO - • Length: 0.00 m
2025-03-29 12:59:50,025 - qmltest - INFO - • Installation Method: D1 - Underground direct buried
2025-03-29 12:59:50,025 - qmltest - INFO - • Temperature: 25.0°C
2025-03-29 12:59:50,025 - qmltest - INFO - • Grouping Factor: 1.00
2025-03-29 12:59:50,025 - qmltest - INFO - Invalid input parameters, skipping calculation
2025-03-29 12:59:50,026 - ResultsManager - INFO - Loaded 0 results from SQL storage
