2025-03-21 08:27:36,788 - config - INFO - Loading configuration module from: /home/hayden/Documents/qmltest
2025-03-21 08:27:36,897 - ResultsManager - INFO - Loaded 1 results from CSV
2025-03-21 08:27:36,979 - ResultsManager - INFO - Loaded 1 results from CSV
2025-03-21 08:28:41,293 - config - INFO - Loading configuration module from: /home/hayden/Documents/qmltest
2025-03-21 08:28:41,402 - ResultsManager - INFO - Loaded 1 results from CSV
2025-03-21 08:28:41,472 - ResultsManager - INFO - Loaded 1 results from CSV
2025-03-21 08:29:15,973 - config - INFO - Loading configuration module from: /home/hayden/Documents/qmltest
2025-03-21 08:29:16,088 - ResultsManager - INFO - Loaded 1 results from CSV
2025-03-21 08:29:16,160 - ResultsManager - INFO - Loaded 1 results from CSV
2025-03-21 08:29:25,648 - config - INFO - Loading configuration module from: /home/hayden/Documents/qmltest
2025-03-21 08:29:25,754 - ResultsManager - INFO - Loaded 1 results from CSV
2025-03-21 08:29:25,828 - ResultsManager - INFO - Loaded 1 results from CSV
2025-03-21 08:29:44,584 - config - INFO - Loading configuration module from: /home/hayden/Documents/qmltest
2025-03-21 08:29:44,692 - ResultsManager - INFO - Loaded 1 results from CSV
2025-03-21 08:29:44,771 - ResultsManager - INFO - Loaded 1 results from CSV
2025-03-21 08:30:06,596 - config - INFO - Loading configuration module from: /home/hayden/Documents/qmltest
2025-03-21 08:30:06,697 - ResultsManager - INFO - Loaded 1 results from CSV
2025-03-21 08:30:06,774 - ResultsManager - INFO - Loaded 1 results from CSV
2025-03-21 08:30:49,231 - config - INFO - Loading configuration module from: /home/hayden/Documents/qmltest
2025-03-21 08:30:49,375 - ResultsManager - INFO - Loaded 1 results from CSV
2025-03-21 08:30:49,461 - ResultsManager - INFO - Loaded 1 results from CSV
2025-03-21 08:31:09,241 - config - INFO - Loading configuration module from: /home/hayden/Documents/qmltest
2025-03-21 08:31:09,342 - ResultsManager - INFO - Loaded 1 results from CSV
2025-03-21 08:31:09,415 - ResultsManager - INFO - Loaded 1 results from CSV
<<<<<<< HEAD
2025-03-21 16:51:59,309 - config - INFO - Loading configuration module from: /home/hayden/Documents/qmltest
2025-03-21 16:51:59,511 - ResultsManager - INFO - Loaded 1 results from CSV
2025-03-21 16:51:59,676 - ResultsManager - INFO - Loaded 1 results from CSV
2025-03-21 16:53:18,875 - config - INFO - Loading configuration module from: /home/hayden/Documents/qmltest
2025-03-21 16:53:19,044 - ResultsManager - INFO - Loaded 1 results from CSV
2025-03-21 16:53:19,172 - ResultsManager - INFO - Loaded 1 results from CSV
2025-03-21 16:54:35,678 - config - INFO - Loading configuration module from: /home/hayden/Documents/qmltest
2025-03-21 16:54:35,835 - ResultsManager - INFO - Loaded 1 results from CSV
2025-03-21 16:54:35,964 - ResultsManager - INFO - Loaded 1 results from CSV
2025-03-21 16:56:31,106 - config - INFO - Loading configuration module from: /home/hayden/Documents/qmltest
2025-03-21 16:56:31,246 - ResultsManager - INFO - Loaded 1 results from CSV
2025-03-21 16:56:31,375 - ResultsManager - INFO - Loaded 1 results from CSV
2025-03-21 16:56:50,755 - config - INFO - Loading configuration module from: /home/hayden/Documents/qmltest
2025-03-21 16:56:50,917 - ResultsManager - INFO - Loaded 1 results from CSV
2025-03-21 16:56:51,049 - ResultsManager - INFO - Loaded 1 results from CSV
2025-03-21 16:57:37,061 - config - INFO - Loading configuration module from: /home/hayden/Documents/qmltest
2025-03-21 16:57:37,214 - ResultsManager - INFO - Loaded 1 results from CSV
2025-03-21 16:57:37,331 - ResultsManager - INFO - Loaded 1 results from CSV
2025-03-21 16:57:55,001 - config - INFO - Loading configuration module from: /home/hayden/Documents/qmltest
2025-03-21 16:57:55,158 - ResultsManager - INFO - Loaded 1 results from CSV
2025-03-21 16:57:55,272 - ResultsManager - INFO - Loaded 1 results from CSV
2025-03-21 16:58:18,309 - config - INFO - Loading configuration module from: /home/hayden/Documents/qmltest
2025-03-21 16:58:18,469 - ResultsManager - INFO - Loaded 1 results from CSV
2025-03-21 16:58:18,608 - ResultsManager - INFO - Loaded 1 results from CSV
2025-03-21 17:00:10,163 - config - INFO - Loading configuration module from: /home/hayden/Documents/qmltest
2025-03-21 17:00:10,340 - ResultsManager - INFO - Loaded 1 results from CSV
2025-03-21 17:00:10,447 - ResultsManager - INFO - Loaded 1 results from CSV
2025-03-21 17:01:14,332 - config - INFO - Loading configuration module from: /home/hayden/Documents/qmltest
2025-03-21 17:01:14,483 - ResultsManager - INFO - Loaded 1 results from CSV
2025-03-21 17:01:14,598 - ResultsManager - INFO - Loaded 1 results from CSV
2025-03-21 17:02:52,350 - config - INFO - Loading configuration module from: /home/hayden/Documents/qmltest
2025-03-21 17:02:52,510 - ResultsManager - INFO - Loaded 1 results from CSV
2025-03-21 17:02:52,638 - ResultsManager - INFO - Loaded 1 results from CSV
2025-03-21 17:03:32,134 - config - INFO - Loading configuration module from: /home/hayden/Documents/qmltest
2025-03-21 17:03:32,299 - ResultsManager - INFO - Loaded 1 results from CSV
2025-03-21 17:03:32,425 - ResultsManager - INFO - Loaded 1 results from CSV
2025-03-21 17:03:58,669 - config - INFO - Loading configuration module from: /home/hayden/Documents/qmltest
2025-03-21 17:03:58,836 - ResultsManager - INFO - Loaded 1 results from CSV
2025-03-21 17:03:58,969 - ResultsManager - INFO - Loaded 1 results from CSV
2025-03-21 17:04:14,206 - config - INFO - Loading configuration module from: /home/hayden/Documents/qmltest
2025-03-21 17:04:14,378 - ResultsManager - INFO - Loaded 1 results from CSV
2025-03-21 17:04:14,492 - ResultsManager - INFO - Loaded 1 results from CSV
2025-03-21 17:06:00,777 - config - INFO - Loading configuration module from: /home/hayden/Documents/qmltest
2025-03-21 17:06:00,947 - ResultsManager - INFO - Loaded 1 results from CSV
2025-03-21 17:06:01,083 - ResultsManager - INFO - Loaded 1 results from CSV
2025-03-21 17:06:25,874 - config - INFO - Loading configuration module from: /home/hayden/Documents/qmltest
2025-03-21 17:06:26,059 - ResultsManager - INFO - Loaded 1 results from CSV
2025-03-21 17:06:26,199 - ResultsManager - INFO - Loaded 1 results from CSV
2025-03-21 17:06:41,125 - config - INFO - Loading configuration module from: /home/hayden/Documents/qmltest
2025-03-21 17:06:41,298 - ResultsManager - INFO - Loaded 1 results from CSV
2025-03-21 17:06:41,432 - ResultsManager - INFO - Loaded 1 results from CSV
2025-03-21 17:07:04,316 - config - INFO - Loading configuration module from: /home/hayden/Documents/qmltest
2025-03-21 17:07:04,468 - ResultsManager - INFO - Loaded 1 results from CSV
2025-03-21 17:07:04,588 - ResultsManager - INFO - Loaded 1 results from CSV
2025-03-21 17:07:26,463 - config - INFO - Loading configuration module from: /home/hayden/Documents/qmltest
2025-03-21 17:07:26,632 - ResultsManager - INFO - Loaded 1 results from CSV
2025-03-21 17:07:26,740 - ResultsManager - INFO - Loaded 1 results from CSV
2025-03-21 17:07:48,946 - config - INFO - Loading configuration module from: /home/hayden/Documents/qmltest
2025-03-21 17:07:49,133 - ResultsManager - INFO - Loaded 1 results from CSV
2025-03-21 17:07:49,261 - ResultsManager - INFO - Loaded 1 results from CSV
2025-03-21 17:08:21,369 - config - INFO - Loading configuration module from: /home/hayden/Documents/qmltest
2025-03-21 17:08:21,520 - ResultsManager - INFO - Loaded 1 results from CSV
2025-03-21 17:08:21,649 - ResultsManager - INFO - Loaded 1 results from CSV
2025-03-21 17:09:18,722 - config - INFO - Loading configuration module from: /home/hayden/Documents/qmltest
2025-03-21 17:09:18,876 - ResultsManager - INFO - Loaded 1 results from CSV
2025-03-21 17:09:19,001 - ResultsManager - INFO - Loaded 1 results from CSV
2025-03-21 17:11:39,849 - config - INFO - Loading configuration module from: /home/hayden/Documents/qmltest
2025-03-21 17:11:40,004 - ResultsManager - INFO - Loaded 1 results from CSV
2025-03-21 17:11:40,141 - ResultsManager - INFO - Loaded 1 results from CSV
2025-03-21 17:19:07,908 - config - INFO - Loading configuration module from: /home/hayden/Documents/qmltest
2025-03-21 17:19:08,077 - ResultsManager - INFO - Loaded 1 results from CSV
2025-03-21 17:19:08,195 - ResultsManager - INFO - Loaded 1 results from CSV
2025-03-21 17:19:26,828 - config - INFO - Loading configuration module from: /home/hayden/Documents/qmltest
2025-03-21 17:19:26,993 - ResultsManager - INFO - Loaded 1 results from CSV
2025-03-21 17:19:27,106 - ResultsManager - INFO - Loaded 1 results from CSV
2025-03-21 17:21:17,453 - config - INFO - Loading configuration module from: /home/hayden/Documents/qmltest
2025-03-21 17:21:17,622 - ResultsManager - INFO - Loaded 1 results from CSV
2025-03-21 17:21:17,753 - ResultsManager - INFO - Loaded 1 results from CSV
2025-03-21 17:21:56,525 - config - INFO - Loading configuration module from: /home/hayden/Documents/qmltest
2025-03-21 17:21:56,681 - ResultsManager - INFO - Loaded 1 results from CSV
2025-03-21 17:21:56,817 - ResultsManager - INFO - Loaded 1 results from CSV
2025-03-21 17:22:20,089 - config - INFO - Loading configuration module from: /home/hayden/Documents/qmltest
2025-03-21 17:22:20,249 - ResultsManager - INFO - Loaded 1 results from CSV
2025-03-21 17:22:20,376 - ResultsManager - INFO - Loaded 1 results from CSV
2025-03-21 17:22:41,538 - config - INFO - Loading configuration module from: /home/hayden/Documents/qmltest
2025-03-21 17:22:41,699 - ResultsManager - INFO - Loaded 1 results from CSV
2025-03-21 17:22:41,810 - ResultsManager - INFO - Loaded 1 results from CSV
2025-03-21 17:23:50,643 - config - INFO - Loading configuration module from: /home/hayden/Documents/qmltest
2025-03-21 17:23:50,817 - ResultsManager - INFO - Loaded 1 results from CSV
2025-03-21 17:23:50,947 - ResultsManager - INFO - Loaded 1 results from CSV
2025-03-21 17:38:56,845 - config - INFO - Loading configuration module from: /home/hayden/Documents/qmltest
2025-03-21 17:38:57,016 - ResultsManager - INFO - Loaded 1 results from CSV
2025-03-21 17:38:57,157 - ResultsManager - INFO - Loaded 1 results from CSV
2025-03-21 17:42:49,251 - config - INFO - Loading configuration module from: /home/hayden/Documents/qmltest
2025-03-21 17:44:22,171 - config - INFO - Loading configuration module from: /home/hayden/Documents/qmltest
2025-03-21 17:44:22,332 - ResultsManager - INFO - Loaded 1 results from CSV
2025-03-21 17:44:22,457 - ResultsManager - INFO - Loaded 1 results from CSV
2025-03-21 17:45:07,554 - config - INFO - Loading configuration module from: /home/hayden/Documents/qmltest
2025-03-21 17:45:07,706 - ResultsManager - INFO - Loaded 1 results from CSV
2025-03-21 17:45:07,834 - ResultsManager - INFO - Loaded 1 results from CSV
2025-03-21 17:45:55,727 - config - INFO - Loading configuration module from: /home/hayden/Documents/qmltest
2025-03-21 17:45:55,891 - ResultsManager - INFO - Loaded 1 results from CSV
2025-03-21 17:45:56,013 - ResultsManager - INFO - Loaded 1 results from CSV
2025-03-21 17:46:16,969 - config - INFO - Loading configuration module from: /home/hayden/Documents/qmltest
2025-03-21 17:46:17,130 - ResultsManager - INFO - Loaded 1 results from CSV
2025-03-21 17:46:17,249 - ResultsManager - INFO - Loaded 1 results from CSV
2025-03-21 17:51:04,741 - config - INFO - Loading configuration module from: /home/hayden/Documents/qmltest
2025-03-21 17:51:04,889 - ResultsManager - INFO - Loaded 1 results from CSV
2025-03-21 17:51:05,024 - ResultsManager - INFO - Loaded 1 results from CSV
2025-03-21 17:51:55,586 - config - INFO - Loading configuration module from: /home/hayden/Documents/qmltest
2025-03-21 17:51:55,751 - ResultsManager - INFO - Loaded 1 results from CSV
2025-03-21 17:51:55,864 - ResultsManager - INFO - Loaded 1 results from CSV
2025-03-21 17:55:55,764 - config - INFO - Loading configuration module from: /home/hayden/Documents/qmltest
2025-03-21 17:55:55,927 - ResultsManager - INFO - Loaded 1 results from CSV
2025-03-21 17:55:56,041 - ResultsManager - INFO - Loaded 1 results from CSV
2025-03-21 17:57:05,053 - config - INFO - Loading configuration module from: /home/hayden/Documents/qmltest
2025-03-21 17:57:05,205 - ResultsManager - INFO - Loaded 1 results from CSV
2025-03-21 17:57:05,322 - ResultsManager - INFO - Loaded 1 results from CSV
2025-03-21 17:58:10,657 - config - INFO - Loading configuration module from: /home/hayden/Documents/qmltest
2025-03-21 17:58:10,824 - ResultsManager - INFO - Loaded 1 results from CSV
2025-03-21 17:58:10,953 - ResultsManager - INFO - Loaded 1 results from CSV
2025-03-21 18:03:53,472 - config - INFO - Loading configuration module from: /home/hayden/Documents/qmltest
2025-03-21 18:03:53,623 - ResultsManager - INFO - Loaded 1 results from CSV
2025-03-21 18:03:53,758 - ResultsManager - INFO - Loaded 1 results from CSV
2025-03-21 18:04:20,269 - config - INFO - Loading configuration module from: /home/hayden/Documents/qmltest
2025-03-21 18:04:20,440 - ResultsManager - INFO - Loaded 1 results from CSV
2025-03-21 18:04:20,570 - ResultsManager - INFO - Loaded 1 results from CSV
2025-03-21 18:06:30,248 - config - INFO - Loading configuration module from: /home/hayden/Documents/qmltest
2025-03-21 18:06:30,408 - ResultsManager - INFO - Loaded 1 results from CSV
2025-03-21 18:06:30,544 - ResultsManager - INFO - Loaded 1 results from CSV
2025-03-21 18:07:04,294 - config - INFO - Loading configuration module from: /home/hayden/Documents/qmltest
2025-03-21 18:07:04,438 - ResultsManager - INFO - Loaded 1 results from CSV
2025-03-21 18:07:04,562 - ResultsManager - INFO - Loaded 1 results from CSV
2025-03-21 18:07:44,814 - config - INFO - Loading configuration module from: /home/hayden/Documents/qmltest
2025-03-21 18:07:44,955 - ResultsManager - INFO - Loaded 1 results from CSV
2025-03-21 18:07:45,080 - ResultsManager - INFO - Loaded 1 results from CSV
2025-03-21 18:09:18,350 - config - INFO - Loading configuration module from: /home/hayden/Documents/qmltest
2025-03-21 18:09:18,517 - ResultsManager - INFO - Loaded 1 results from CSV
2025-03-21 18:09:18,630 - ResultsManager - INFO - Loaded 1 results from CSV
2025-03-21 18:09:57,327 - config - INFO - Loading configuration module from: /home/hayden/Documents/qmltest
2025-03-21 18:09:57,486 - ResultsManager - INFO - Loaded 1 results from CSV
2025-03-21 18:09:57,614 - ResultsManager - INFO - Loaded 1 results from CSV
2025-03-21 18:10:16,421 - config - INFO - Loading configuration module from: /home/hayden/Documents/qmltest
2025-03-21 18:10:16,571 - ResultsManager - INFO - Loaded 1 results from CSV
2025-03-21 18:10:16,696 - ResultsManager - INFO - Loaded 1 results from CSV
2025-03-21 18:10:35,472 - config - INFO - Loading configuration module from: /home/hayden/Documents/qmltest
2025-03-21 18:10:35,638 - ResultsManager - INFO - Loaded 1 results from CSV
2025-03-21 18:10:35,763 - ResultsManager - INFO - Loaded 1 results from CSV
2025-03-21 18:11:51,939 - config - INFO - Loading configuration module from: /home/hayden/Documents/qmltest
2025-03-21 18:11:52,093 - ResultsManager - INFO - Loaded 1 results from CSV
2025-03-21 18:11:52,221 - ResultsManager - INFO - Loaded 1 results from CSV
2025-03-21 18:12:42,204 - config - INFO - Loading configuration module from: /home/hayden/Documents/qmltest
2025-03-21 18:12:42,360 - ResultsManager - INFO - Loaded 1 results from CSV
2025-03-21 18:12:42,484 - ResultsManager - INFO - Loaded 1 results from CSV
2025-03-21 18:13:48,881 - config - INFO - Loading configuration module from: /home/hayden/Documents/qmltest
2025-03-21 18:13:49,040 - ResultsManager - INFO - Loaded 1 results from CSV
2025-03-21 18:13:49,159 - ResultsManager - INFO - Loaded 1 results from CSV
2025-03-21 18:16:36,524 - config - INFO - Loading configuration module from: /home/hayden/Documents/qmltest
2025-03-21 18:16:36,683 - ResultsManager - INFO - Loaded 1 results from CSV
2025-03-21 18:16:36,800 - ResultsManager - INFO - Loaded 1 results from CSV
2025-03-21 18:17:42,613 - config - INFO - Loading configuration module from: /home/hayden/Documents/qmltest
2025-03-21 18:17:42,785 - ResultsManager - INFO - Loaded 1 results from CSV
2025-03-21 18:17:42,917 - ResultsManager - INFO - Loaded 1 results from CSV
2025-03-21 18:18:02,652 - config - INFO - Loading configuration module from: /home/hayden/Documents/qmltest
2025-03-21 18:18:02,802 - ResultsManager - INFO - Loaded 1 results from CSV
2025-03-21 18:18:02,934 - ResultsManager - INFO - Loaded 1 results from CSV
2025-03-21 18:18:19,215 - config - INFO - Loading configuration module from: /home/hayden/Documents/qmltest
2025-03-21 18:18:19,366 - ResultsManager - INFO - Loaded 1 results from CSV
2025-03-21 18:18:19,501 - ResultsManager - INFO - Loaded 1 results from CSV
2025-03-21 18:18:28,867 - config - INFO - Loading configuration module from: /home/hayden/Documents/qmltest
2025-03-21 18:18:29,021 - ResultsManager - INFO - Loaded 1 results from CSV
2025-03-21 18:18:29,135 - ResultsManager - INFO - Loaded 1 results from CSV
2025-03-21 18:18:50,811 - config - INFO - Loading configuration module from: /home/hayden/Documents/qmltest
2025-03-21 18:18:50,958 - ResultsManager - INFO - Loaded 1 results from CSV
2025-03-21 18:18:51,078 - ResultsManager - INFO - Loaded 1 results from CSV
2025-03-21 18:19:13,736 - config - INFO - Loading configuration module from: /home/hayden/Documents/qmltest
2025-03-21 18:19:13,908 - ResultsManager - INFO - Loaded 1 results from CSV
2025-03-21 18:19:14,022 - ResultsManager - INFO - Loaded 1 results from CSV
2025-03-21 18:20:51,033 - config - INFO - Loading configuration module from: /home/hayden/Documents/qmltest
2025-03-21 18:20:51,186 - ResultsManager - INFO - Loaded 1 results from CSV
2025-03-21 18:20:51,305 - ResultsManager - INFO - Loaded 1 results from CSV
2025-03-21 18:21:09,937 - config - INFO - Loading configuration module from: /home/hayden/Documents/qmltest
2025-03-21 18:21:10,126 - ResultsManager - INFO - Loaded 1 results from CSV
2025-03-21 18:21:10,256 - ResultsManager - INFO - Loaded 1 results from CSV
2025-03-21 18:21:29,559 - config - INFO - Loading configuration module from: /home/hayden/Documents/qmltest
2025-03-21 18:21:29,726 - ResultsManager - INFO - Loaded 1 results from CSV
2025-03-21 18:21:29,840 - ResultsManager - INFO - Loaded 1 results from CSV
2025-03-21 18:21:59,043 - config - INFO - Loading configuration module from: /home/hayden/Documents/qmltest
2025-03-21 18:21:59,232 - ResultsManager - INFO - Loaded 1 results from CSV
2025-03-21 18:21:59,354 - ResultsManager - INFO - Loaded 1 results from CSV
2025-03-21 18:22:36,003 - config - INFO - Loading configuration module from: /home/hayden/Documents/qmltest
2025-03-21 18:22:36,175 - ResultsManager - INFO - Loaded 1 results from CSV
2025-03-21 18:22:36,310 - ResultsManager - INFO - Loaded 1 results from CSV
2025-03-21 18:23:15,836 - config - INFO - Loading configuration module from: /home/hayden/Documents/qmltest
2025-03-21 18:23:16,004 - ResultsManager - INFO - Loaded 1 results from CSV
2025-03-21 18:23:16,131 - ResultsManager - INFO - Loaded 1 results from CSV
2025-03-21 18:23:50,153 - config - INFO - Loading configuration module from: /home/hayden/Documents/qmltest
2025-03-21 18:23:50,330 - ResultsManager - INFO - Loaded 1 results from CSV
2025-03-21 18:23:50,442 - ResultsManager - INFO - Loaded 1 results from CSV
2025-03-21 18:24:46,419 - config - INFO - Loading configuration module from: /home/hayden/Documents/qmltest
2025-03-21 18:24:46,598 - ResultsManager - INFO - Loaded 1 results from CSV
2025-03-21 18:24:46,731 - ResultsManager - INFO - Loaded 1 results from CSV
2025-03-21 18:25:05,725 - config - INFO - Loading configuration module from: /home/hayden/Documents/qmltest
2025-03-21 18:25:05,885 - ResultsManager - INFO - Loaded 1 results from CSV
2025-03-21 18:25:06,009 - ResultsManager - INFO - Loaded 1 results from CSV
2025-03-21 18:26:04,163 - config - INFO - Loading configuration module from: /home/hayden/Documents/qmltest
2025-03-21 18:26:04,308 - ResultsManager - INFO - Loaded 1 results from CSV
2025-03-21 18:26:04,436 - ResultsManager - INFO - Loaded 1 results from CSV
2025-03-21 18:26:45,070 - config - INFO - Loading configuration module from: /home/hayden/Documents/qmltest
2025-03-21 18:26:45,220 - ResultsManager - INFO - Loaded 1 results from CSV
2025-03-21 18:26:45,345 - ResultsManager - INFO - Loaded 1 results from CSV
2025-03-21 18:27:48,715 - config - INFO - Loading configuration module from: /home/hayden/Documents/qmltest
2025-03-21 18:27:48,867 - ResultsManager - INFO - Loaded 1 results from CSV
2025-03-21 18:27:48,995 - ResultsManager - INFO - Loaded 1 results from CSV
2025-03-21 18:31:47,175 - config - INFO - Loading configuration module from: /home/hayden/Documents/qmltest
2025-03-21 18:31:47,335 - ResultsManager - INFO - Loaded 1 results from CSV
2025-03-21 18:31:47,470 - ResultsManager - INFO - Loaded 1 results from CSV
2025-03-21 18:33:34,404 - config - INFO - Loading configuration module from: /home/hayden/Documents/qmltest
2025-03-21 18:33:34,578 - ResultsManager - INFO - Loaded 1 results from CSV
2025-03-21 18:33:34,713 - ResultsManager - INFO - Loaded 1 results from CSV
2025-03-21 19:15:13,235 - config - INFO - Loading configuration module from: /home/hayden/Documents/qmltest
2025-03-21 19:15:13,389 - ResultsManager - INFO - Loaded 1 results from CSV
2025-03-21 19:15:13,508 - ResultsManager - INFO - Loaded 1 results from CSV
2025-03-21 19:16:02,707 - config - INFO - Loading configuration module from: /home/hayden/Documents/qmltest
2025-03-21 19:16:02,864 - ResultsManager - INFO - Loaded 1 results from CSV
2025-03-21 19:16:02,991 - ResultsManager - INFO - Loaded 1 results from CSV
2025-03-21 19:16:34,712 - config - INFO - Loading configuration module from: /home/hayden/Documents/qmltest
2025-03-21 19:16:34,860 - ResultsManager - INFO - Loaded 1 results from CSV
2025-03-21 19:16:34,986 - ResultsManager - INFO - Loaded 1 results from CSV
2025-03-21 19:17:18,256 - config - INFO - Loading configuration module from: /home/hayden/Documents/qmltest
2025-03-21 19:17:18,404 - ResultsManager - INFO - Loaded 1 results from CSV
2025-03-21 19:17:18,528 - ResultsManager - INFO - Loaded 1 results from CSV
2025-03-21 19:17:38,941 - config - INFO - Loading configuration module from: /home/hayden/Documents/qmltest
2025-03-21 19:17:39,098 - ResultsManager - INFO - Loaded 1 results from CSV
2025-03-21 19:17:39,216 - ResultsManager - INFO - Loaded 1 results from CSV
2025-03-21 19:18:24,104 - config - INFO - Loading configuration module from: /home/hayden/Documents/qmltest
2025-03-21 19:18:24,267 - ResultsManager - INFO - Loaded 1 results from CSV
2025-03-21 19:18:24,393 - ResultsManager - INFO - Loaded 1 results from CSV
2025-03-21 19:18:53,045 - config - INFO - Loading configuration module from: /home/hayden/Documents/qmltest
2025-03-21 19:18:53,217 - ResultsManager - INFO - Loaded 1 results from CSV
2025-03-21 19:18:53,348 - ResultsManager - INFO - Loaded 1 results from CSV
2025-03-21 19:19:22,593 - config - INFO - Loading configuration module from: /home/hayden/Documents/qmltest
2025-03-21 19:19:22,735 - ResultsManager - INFO - Loaded 1 results from CSV
2025-03-21 19:19:22,852 - ResultsManager - INFO - Loaded 1 results from CSV
2025-03-21 19:20:22,747 - config - INFO - Loading configuration module from: /home/hayden/Documents/qmltest
2025-03-21 19:20:22,900 - ResultsManager - INFO - Loaded 1 results from CSV
2025-03-21 19:20:23,018 - ResultsManager - INFO - Loaded 1 results from CSV
2025-03-21 19:20:44,429 - config - INFO - Loading configuration module from: /home/hayden/Documents/qmltest
2025-03-21 19:20:44,609 - ResultsManager - INFO - Loaded 1 results from CSV
2025-03-21 19:20:44,729 - ResultsManager - INFO - Loaded 1 results from CSV
2025-03-21 19:21:11,020 - config - INFO - Loading configuration module from: /home/hayden/Documents/qmltest
2025-03-21 19:21:11,178 - ResultsManager - INFO - Loaded 1 results from CSV
2025-03-21 19:21:11,308 - ResultsManager - INFO - Loaded 1 results from CSV
2025-03-21 19:22:05,912 - config - INFO - Loading configuration module from: /home/hayden/Documents/qmltest
2025-03-21 19:22:06,068 - ResultsManager - INFO - Loaded 1 results from CSV
2025-03-21 19:22:06,189 - ResultsManager - INFO - Loaded 1 results from CSV
2025-03-21 19:22:22,622 - config - INFO - Loading configuration module from: /home/hayden/Documents/qmltest
2025-03-21 19:22:22,774 - ResultsManager - INFO - Loaded 1 results from CSV
2025-03-21 19:22:22,906 - ResultsManager - INFO - Loaded 1 results from CSV
2025-03-21 19:22:42,234 - config - INFO - Loading configuration module from: /home/hayden/Documents/qmltest
2025-03-21 19:22:42,411 - ResultsManager - INFO - Loaded 1 results from CSV
2025-03-21 19:22:42,543 - ResultsManager - INFO - Loaded 1 results from CSV
2025-03-21 19:22:53,910 - config - INFO - Loading configuration module from: /home/hayden/Documents/qmltest
2025-03-21 19:22:54,062 - ResultsManager - INFO - Loaded 1 results from CSV
2025-03-21 19:22:54,192 - ResultsManager - INFO - Loaded 1 results from CSV
2025-03-21 19:24:13,470 - config - INFO - Loading configuration module from: /home/hayden/Documents/qmltest
2025-03-21 19:24:13,637 - ResultsManager - INFO - Loaded 1 results from CSV
2025-03-21 19:24:13,758 - ResultsManager - INFO - Loaded 1 results from CSV
2025-03-21 19:24:29,590 - config - INFO - Loading configuration module from: /home/hayden/Documents/qmltest
2025-03-21 19:24:29,744 - ResultsManager - INFO - Loaded 1 results from CSV
2025-03-21 19:24:29,869 - ResultsManager - INFO - Loaded 1 results from CSV
2025-03-21 19:27:00,336 - config - INFO - Loading configuration module from: /home/hayden/Documents/qmltest
2025-03-21 19:27:00,483 - ResultsManager - INFO - Loaded 1 results from CSV
2025-03-21 19:27:00,610 - ResultsManager - INFO - Loaded 1 results from CSV
2025-03-21 19:28:20,282 - config - INFO - Loading configuration module from: /home/hayden/Documents/qmltest
2025-03-21 19:28:20,448 - ResultsManager - INFO - Loaded 1 results from CSV
2025-03-21 19:28:20,565 - ResultsManager - INFO - Loaded 1 results from CSV
2025-03-21 19:29:40,129 - config - INFO - Loading configuration module from: /home/hayden/Documents/qmltest
2025-03-21 19:29:40,294 - ResultsManager - INFO - Loaded 1 results from CSV
2025-03-21 19:29:40,414 - ResultsManager - INFO - Loaded 1 results from CSV
=======
2025-03-21 10:54:37,064 - config - INFO - Loading configuration module from: C:\Users\HBAdmin.INDLINE-L1032\qmlTableView
2025-03-21 10:54:37,319 - ResultsManager - INFO - Loaded 1 results from CSV
2025-03-21 10:54:37,518 - ResultsManager - INFO - Loaded 1 results from CSV
2025-03-21 15:19:13,817 - config - INFO - Loading configuration module from: C:\Users\HBAdmin.INDLINE-L1032\qmlTableView
2025-03-21 15:19:14,718 - ResultsManager - INFO - Loaded 1 results from CSV
2025-03-21 15:19:15,243 - ResultsManager - INFO - Loaded 1 results from CSV
2025-03-21 15:21:27,886 - config - INFO - Loading configuration module from: C:\Users\HBAdmin.INDLINE-L1032\qmlTableView
2025-03-21 15:21:28,515 - ResultsManager - INFO - Loaded 1 results from CSV
2025-03-21 15:21:28,993 - ResultsManager - INFO - Loaded 1 results from CSV
2025-03-21 15:25:16,763 - config - INFO - Loading configuration module from: C:\Users\HBAdmin.INDLINE-L1032\qmlTableView
2025-03-21 15:25:17,443 - ResultsManager - INFO - Loaded 1 results from CSV
2025-03-21 15:25:17,889 - ResultsManager - INFO - Loaded 1 results from CSV
2025-03-21 15:25:52,665 - config - INFO - Loading configuration module from: C:\Users\HBAdmin.INDLINE-L1032\qmlTableView
2025-03-21 15:25:53,253 - ResultsManager - INFO - Loaded 1 results from CSV
2025-03-21 15:25:53,513 - ResultsManager - INFO - Loaded 1 results from CSV
2025-03-21 15:26:27,113 - config - INFO - Loading configuration module from: C:\Users\HBAdmin.INDLINE-L1032\qmlTableView
2025-03-21 15:26:27,677 - ResultsManager - INFO - Loaded 1 results from CSV
2025-03-21 15:26:27,913 - ResultsManager - INFO - Loaded 1 results from CSV
2025-03-21 15:27:17,321 - config - INFO - Loading configuration module from: C:\Users\HBAdmin.INDLINE-L1032\qmlTableView
2025-03-21 15:27:17,949 - ResultsManager - INFO - Loaded 1 results from CSV
2025-03-21 15:27:18,216 - ResultsManager - INFO - Loaded 1 results from CSV
>>>>>>> 0b21e28187b2af686b07c105fe9df1b02a2e7d3e
2025-03-21 19:31:31,449 - config - INFO - Loading configuration module from: /home/hayden/Documents/qmltest
2025-03-21 19:31:31,586 - ResultsManager - INFO - Loaded 1 results from CSV
2025-03-21 19:31:31,697 - ResultsManager - INFO - Loaded 1 results from CSV
2025-03-21 19:41:36,382 - config - INFO - Loading configuration module from: /home/hayden/Documents/qmltest
2025-03-21 19:41:36,518 - ResultsManager - INFO - Loaded 1 results from CSV
2025-03-21 19:41:36,631 - ResultsManager - INFO - Loaded 1 results from CSV
2025-03-21 19:46:20,865 - config - INFO - Loading configuration module from: /home/hayden/Documents/qmltest
2025-03-21 19:46:21,013 - ResultsManager - INFO - Loaded 1 results from CSV
2025-03-21 19:46:21,150 - ResultsManager - INFO - Loaded 1 results from CSV
2025-03-21 19:47:49,654 - config - INFO - Loading configuration module from: /home/hayden/Documents/qmltest
2025-03-21 19:47:49,811 - ResultsManager - INFO - Loaded 1 results from CSV
2025-03-21 19:47:49,934 - ResultsManager - INFO - Loaded 1 results from CSV
2025-03-21 19:49:16,241 - config - INFO - Loading configuration module from: /home/hayden/Documents/qmltest
2025-03-21 19:49:16,394 - ResultsManager - INFO - Loaded 1 results from CSV
2025-03-21 19:49:16,506 - ResultsManager - INFO - Loaded 1 results from CSV
2025-03-21 19:49:43,236 - config - INFO - Loading configuration module from: /home/hayden/Documents/qmltest
2025-03-21 19:49:43,384 - ResultsManager - INFO - Loaded 1 results from CSV
2025-03-21 19:49:43,505 - ResultsManager - INFO - Loaded 1 results from CSV
2025-03-21 19:52:46,892 - config - INFO - Loading configuration module from: /home/hayden/Documents/qmltest
2025-03-21 19:52:47,046 - ResultsManager - INFO - Loaded 1 results from CSV
2025-03-21 19:52:47,180 - ResultsManager - INFO - Loaded 1 results from CSV
2025-03-21 19:53:51,953 - config - INFO - Loading configuration module from: /home/hayden/Documents/qmltest
2025-03-21 19:53:52,104 - ResultsManager - INFO - Loaded 1 results from CSV
2025-03-21 19:53:52,229 - ResultsManager - INFO - Loaded 1 results from CSV
2025-03-21 19:55:23,524 - config - INFO - Loading configuration module from: /home/hayden/Documents/qmltest
2025-03-21 19:55:23,687 - ResultsManager - INFO - Loaded 1 results from CSV
2025-03-21 19:55:23,810 - ResultsManager - INFO - Loaded 1 results from CSV
2025-03-21 19:57:11,646 - config - INFO - Loading configuration module from: /home/hayden/Documents/qmltest
2025-03-21 19:57:11,809 - ResultsManager - INFO - Loaded 1 results from CSV
2025-03-21 19:57:11,929 - ResultsManager - INFO - Loaded 1 results from CSV
2025-03-21 19:58:00,299 - config - INFO - Loading configuration module from: /home/hayden/Documents/qmltest
2025-03-21 19:58:00,488 - ResultsManager - INFO - Loaded 1 results from CSV
2025-03-21 19:58:00,600 - ResultsManager - INFO - Loaded 1 results from CSV
2025-03-21 19:58:17,136 - config - INFO - Loading configuration module from: /home/hayden/Documents/qmltest
2025-03-21 19:58:17,323 - ResultsManager - INFO - Loaded 1 results from CSV
2025-03-21 19:58:17,447 - ResultsManager - INFO - Loaded 1 results from CSV
2025-03-21 19:58:46,562 - config - INFO - Loading configuration module from: /home/hayden/Documents/qmltest
2025-03-21 19:58:46,713 - ResultsManager - INFO - Loaded 1 results from CSV
2025-03-21 19:58:46,835 - ResultsManager - INFO - Loaded 1 results from CSV
2025-03-21 19:58:59,659 - config - INFO - Loading configuration module from: /home/hayden/Documents/qmltest
2025-03-21 19:58:59,822 - ResultsManager - INFO - Loaded 1 results from CSV
2025-03-21 19:58:59,959 - ResultsManager - INFO - Loaded 1 results from CSV
2025-03-21 19:59:27,648 - config - INFO - Loading configuration module from: /home/hayden/Documents/qmltest
2025-03-21 19:59:27,815 - ResultsManager - INFO - Loaded 1 results from CSV
2025-03-21 19:59:27,937 - ResultsManager - INFO - Loaded 1 results from CSV
2025-03-21 20:00:20,813 - config - INFO - Loading configuration module from: /home/hayden/Documents/qmltest
2025-03-21 20:00:20,968 - ResultsManager - INFO - Loaded 1 results from CSV
2025-03-21 20:00:21,075 - ResultsManager - INFO - Loaded 1 results from CSV
2025-03-21 20:00:53,338 - config - INFO - Loading configuration module from: /home/hayden/Documents/qmltest
2025-03-21 20:00:53,501 - ResultsManager - INFO - Loaded 1 results from CSV
2025-03-21 20:00:53,634 - ResultsManager - INFO - Loaded 1 results from CSV
2025-03-21 20:01:04,366 - config - INFO - Loading configuration module from: /home/hayden/Documents/qmltest
2025-03-21 20:01:04,518 - ResultsManager - INFO - Loaded 1 results from CSV
2025-03-21 20:01:04,655 - ResultsManager - INFO - Loaded 1 results from CSV
2025-03-21 20:01:18,883 - config - INFO - Loading configuration module from: /home/hayden/Documents/qmltest
2025-03-21 20:01:19,049 - ResultsManager - INFO - Loaded 1 results from CSV
2025-03-21 20:01:19,174 - ResultsManager - INFO - Loaded 1 results from CSV
2025-03-21 20:01:53,257 - config - INFO - Loading configuration module from: /home/hayden/Documents/qmltest
2025-03-21 20:01:53,407 - ResultsManager - INFO - Loaded 1 results from CSV
2025-03-21 20:01:53,535 - ResultsManager - INFO - Loaded 1 results from CSV
2025-03-21 20:02:15,403 - config - INFO - Loading configuration module from: /home/hayden/Documents/qmltest
2025-03-21 20:02:15,559 - ResultsManager - INFO - Loaded 1 results from CSV
2025-03-21 20:02:15,678 - ResultsManager - INFO - Loaded 1 results from CSV
2025-03-21 20:02:36,005 - config - INFO - Loading configuration module from: /home/hayden/Documents/qmltest
2025-03-21 20:02:36,163 - ResultsManager - INFO - Loaded 1 results from CSV
2025-03-21 20:02:36,290 - ResultsManager - INFO - Loaded 1 results from CSV
2025-03-21 20:03:00,269 - config - INFO - Loading configuration module from: /home/hayden/Documents/qmltest
2025-03-21 20:03:00,432 - ResultsManager - INFO - Loaded 1 results from CSV
2025-03-21 20:03:00,572 - ResultsManager - INFO - Loaded 1 results from CSV
2025-03-21 20:03:22,316 - config - INFO - Loading configuration module from: /home/hayden/Documents/qmltest
2025-03-21 20:03:22,477 - ResultsManager - INFO - Loaded 1 results from CSV
2025-03-21 20:03:22,605 - ResultsManager - INFO - Loaded 1 results from CSV
2025-03-21 20:03:38,770 - config - INFO - Loading configuration module from: /home/hayden/Documents/qmltest
2025-03-21 20:03:38,929 - ResultsManager - INFO - Loaded 1 results from CSV
2025-03-21 20:03:39,059 - ResultsManager - INFO - Loaded 1 results from CSV
2025-03-21 20:03:52,298 - config - INFO - Loading configuration module from: /home/hayden/Documents/qmltest
2025-03-21 20:03:52,464 - ResultsManager - INFO - Loaded 1 results from CSV
2025-03-21 20:03:52,595 - ResultsManager - INFO - Loaded 1 results from CSV
2025-03-21 20:04:17,783 - config - INFO - Loading configuration module from: /home/hayden/Documents/qmltest
2025-03-21 20:04:17,950 - ResultsManager - INFO - Loaded 1 results from CSV
2025-03-21 20:04:18,074 - ResultsManager - INFO - Loaded 1 results from CSV
2025-03-21 20:04:48,761 - config - INFO - Loading configuration module from: /home/hayden/Documents/qmltest
2025-03-21 20:04:48,917 - ResultsManager - INFO - Loaded 1 results from CSV
2025-03-21 20:04:49,051 - ResultsManager - INFO - Loaded 1 results from CSV
2025-03-21 20:05:19,831 - config - INFO - Loading configuration module from: /home/hayden/Documents/qmltest
2025-03-21 20:05:20,001 - ResultsManager - INFO - Loaded 1 results from CSV
2025-03-21 20:05:20,138 - ResultsManager - INFO - Loaded 1 results from CSV
2025-03-21 20:05:50,633 - config - INFO - Loading configuration module from: /home/hayden/Documents/qmltest
2025-03-21 20:05:50,799 - ResultsManager - INFO - Loaded 1 results from CSV
2025-03-21 20:05:50,931 - ResultsManager - INFO - Loaded 1 results from CSV
2025-03-21 20:06:20,759 - config - INFO - Loading configuration module from: /home/hayden/Documents/qmltest
2025-03-21 20:06:20,937 - ResultsManager - INFO - Loaded 1 results from CSV
2025-03-21 20:06:21,076 - ResultsManager - INFO - Loaded 1 results from CSV
2025-03-21 20:06:43,302 - config - INFO - Loading configuration module from: /home/hayden/Documents/qmltest
2025-03-21 20:06:43,467 - ResultsManager - INFO - Loaded 1 results from CSV
2025-03-21 20:06:43,585 - ResultsManager - INFO - Loaded 1 results from CSV
2025-03-21 20:08:36,937 - config - INFO - Loading configuration module from: /home/hayden/Documents/qmltest
2025-03-21 20:08:37,102 - ResultsManager - INFO - Loaded 1 results from CSV
2025-03-21 20:08:37,236 - ResultsManager - INFO - Loaded 1 results from CSV
2025-03-21 20:12:39,522 - config - INFO - Loading configuration module from: /home/hayden/Documents/qmltest
2025-03-21 20:12:39,662 - ResultsManager - INFO - Loaded 1 results from CSV
2025-03-21 20:12:39,796 - ResultsManager - INFO - Loaded 1 results from CSV
2025-03-21 20:14:35,170 - config - INFO - Loading configuration module from: /home/hayden/Documents/qmltest
2025-03-21 20:14:35,313 - ResultsManager - INFO - Loaded 1 results from CSV
2025-03-21 20:14:35,431 - ResultsManager - INFO - Loaded 1 results from CSV
2025-03-21 20:14:59,560 - config - INFO - Loading configuration module from: /home/hayden/Documents/qmltest
2025-03-21 20:14:59,729 - ResultsManager - INFO - Loaded 1 results from CSV
2025-03-21 20:14:59,857 - ResultsManager - INFO - Loaded 1 results from CSV
2025-03-21 20:15:18,846 - config - INFO - Loading configuration module from: /home/hayden/Documents/qmltest
2025-03-21 20:15:19,007 - ResultsManager - INFO - Loaded 1 results from CSV
2025-03-21 20:15:19,137 - ResultsManager - INFO - Loaded 1 results from CSV
2025-03-21 20:15:53,250 - config - INFO - Loading configuration module from: /home/hayden/Documents/qmltest
2025-03-21 20:15:53,427 - ResultsManager - INFO - Loaded 1 results from CSV
2025-03-21 20:15:53,562 - ResultsManager - INFO - Loaded 1 results from CSV
2025-03-21 20:16:16,196 - config - INFO - Loading configuration module from: /home/hayden/Documents/qmltest
2025-03-21 20:16:16,360 - ResultsManager - INFO - Loaded 1 results from CSV
2025-03-21 20:16:16,477 - ResultsManager - INFO - Loaded 1 results from CSV
2025-03-21 20:17:13,933 - config - INFO - Loading configuration module from: /home/hayden/Documents/qmltest
2025-03-21 20:17:14,092 - ResultsManager - INFO - Loaded 1 results from CSV
2025-03-21 20:17:14,219 - ResultsManager - INFO - Loaded 1 results from CSV
2025-03-21 20:17:22,607 - config - INFO - Loading configuration module from: /home/hayden/Documents/qmltest
2025-03-21 20:17:22,774 - ResultsManager - INFO - Loaded 1 results from CSV
2025-03-21 20:17:22,905 - ResultsManager - INFO - Loaded 1 results from CSV
2025-03-21 20:17:58,811 - config - INFO - Loading configuration module from: /home/hayden/Documents/qmltest
2025-03-21 20:17:58,969 - ResultsManager - INFO - Loaded 1 results from CSV
2025-03-21 20:17:59,091 - ResultsManager - INFO - Loaded 1 results from CSV
2025-03-21 20:18:16,261 - config - INFO - Loading configuration module from: /home/hayden/Documents/qmltest
2025-03-21 20:18:16,425 - ResultsManager - INFO - Loaded 1 results from CSV
2025-03-21 20:18:16,555 - ResultsManager - INFO - Loaded 1 results from CSV
2025-03-21 20:41:40,772 - config - INFO - Loading configuration module from: /home/hayden/Documents/qmltest
2025-03-21 20:41:40,894 - ResultsManager - INFO - Loaded 0 results from data store
2025-03-21 20:41:40,967 - ResultsManager - INFO - Loaded 0 results from data store
2025-03-21 20:41:51,152 - config - INFO - Loading configuration module from: /home/hayden/Documents/qmltest
2025-03-21 20:41:51,270 - ResultsManager - INFO - Loaded 0 results from data store
2025-03-21 20:41:51,340 - ResultsManager - INFO - Loaded 0 results from data store
2025-03-21 20:44:03,276 - config - INFO - Loading configuration module from: /home/hayden/Documents/qmltest
2025-03-21 20:44:03,374 - ResultsManager - INFO - Loaded 0 results from memory
2025-03-21 20:44:03,447 - ResultsManager - INFO - Loaded 0 results from memory
2025-03-21 20:44:31,738 - config - INFO - Loading configuration module from: /home/hayden/Documents/qmltest
2025-03-21 20:44:31,834 - ResultsManager - INFO - Loaded 0 results from memory
2025-03-21 20:44:31,910 - ResultsManager - INFO - Loaded 0 results from memory
2025-03-21 20:57:47,947 - config - INFO - Loading configuration module from: /home/hayden/Documents/qmltest
2025-03-21 20:57:48,057 - ResultsManager - INFO - Loaded 0 results from memory
2025-03-21 20:57:48,132 - ResultsManager - INFO - Loaded 0 results from memory
2025-03-21 20:57:58,656 - ResultsManager - INFO - Loaded 1 results from memory
2025-03-21 20:57:58,657 - ResultsManager - INFO - Saved new calculation for Al 630mm² cable
2025-03-21 20:57:59,956 - ResultsManager - INFO - Loaded 2 results from memory
2025-03-21 20:57:59,956 - ResultsManager - INFO - Saved new calculation for Al 630mm² cable
2025-03-21 21:04:26,806 - config - INFO - Loading configuration module from: /home/hayden/Documents/qmltest
2025-03-21 21:04:26,907 - ResultsManager - INFO - Loaded 0 results from memory
2025-03-21 21:04:26,987 - ResultsManager - INFO - Loaded 0 results from memory
2025-03-21 21:24:15,621 - config - INFO - Loading configuration module from: /home/hayden/Documents/qmltest
2025-03-21 21:24:15,723 - ResultsManager - INFO - Loaded 2 results from SQL storage
2025-03-21 21:24:15,803 - ResultsManager - INFO - Loaded 2 results from SQL storage
2025-03-21 21:25:08,980 - ResultsManager - INFO - Loaded 3 results from SQL storage
2025-03-21 21:25:08,980 - ResultsManager - INFO - Saved new calculation to SQL storage
2025-03-21 21:25:13,878 - ResultsManager - INFO - Loaded 4 results from SQL storage
2025-03-21 21:25:13,878 - ResultsManager - INFO - Saved new calculation to SQL storage
2025-03-21 21:25:15,194 - ResultsManager - INFO - Loaded 5 results from SQL storage
2025-03-21 21:25:15,194 - ResultsManager - INFO - Saved new calculation to SQL storage
2025-03-21 21:26:44,498 - config - INFO - Loading configuration module from: /home/hayden/Documents/qmltest
2025-03-21 21:26:44,624 - ResultsManager - INFO - Loaded 5 results from SQL storage
2025-03-21 21:26:44,695 - ResultsManager - INFO - Loaded 5 results from SQL storage
2025-03-21 21:26:49,215 - ResultsManager - INFO - Cleared all calculation history
2025-03-21 21:26:55,502 - ResultsManager - INFO - Loaded 1 results from SQL storage
2025-03-21 21:26:55,502 - ResultsManager - INFO - Saved new calculation to SQL storage
2025-03-21 21:26:56,011 - ResultsManager - INFO - Loaded 2 results from SQL storage
2025-03-21 21:26:56,011 - ResultsManager - INFO - Saved new calculation to SQL storage
2025-03-21 21:26:57,567 - ResultsManager - INFO - Cleared all calculation history
2025-03-21 21:26:59,171 - ResultsManager - INFO - Loaded 0 results from SQL storage
2025-03-21 21:27:01,180 - ResultsManager - INFO - Loaded 1 results from SQL storage
2025-03-21 21:27:01,180 - ResultsManager - INFO - Saved new calculation to SQL storage
2025-03-21 21:27:01,567 - ResultsManager - INFO - Loaded 2 results from SQL storage
2025-03-21 21:27:01,567 - ResultsManager - INFO - Saved new calculation to SQL storage
2025-03-21 21:27:03,055 - ResultsManager - INFO - Loaded 2 results from SQL storage
2025-03-21 21:33:19,457 - config - INFO - Loading configuration module from: /home/hayden/Documents/qmltest
2025-03-21 21:33:19,580 - ResultsManager - INFO - Loaded 3 results from SQL storage
2025-03-21 21:33:19,661 - ResultsManager - INFO - Loaded 3 results from SQL storage
2025-03-21 21:34:08,400 - ResultsManager - INFO - Cleared all calculation history
2025-03-21 21:34:09,645 - ResultsManager - INFO - Cleared all calculation history
2025-03-21 21:35:51,856 - config - INFO - Loading configuration module from: /home/hayden/Documents/qmltest
2025-03-21 21:35:51,973 - ResultsManager - INFO - Loaded 0 results from SQL storage
2025-03-21 21:35:52,048 - ResultsManager - INFO - Loaded 0 results from SQL storage
2025-03-21 21:38:19,316 - config - INFO - Loading configuration module from: /home/hayden/Documents/qmltest
2025-03-21 21:38:19,422 - ResultsManager - INFO - Loaded 0 results from SQL storage
2025-03-21 21:38:19,506 - ResultsManager - INFO - Loaded 0 results from SQL storage
2025-03-21 21:39:25,194 - config - INFO - Loading configuration module from: /home/hayden/Documents/qmltest
2025-03-21 21:39:25,304 - ResultsManager - INFO - Loaded 0 results from SQL storage
2025-03-21 21:39:25,374 - ResultsManager - INFO - Loaded 0 results from SQL storage
2025-03-21 21:40:43,877 - config - INFO - Loading configuration module from: /home/hayden/Documents/qmltest
2025-03-21 21:40:43,988 - ResultsManager - INFO - Loaded 0 results from SQL storage
2025-03-21 21:40:44,055 - ResultsManager - INFO - Loaded 0 results from SQL storage
2025-03-21 21:42:17,262 - config - INFO - Loading configuration module from: /home/hayden/Documents/qmltest
2025-03-21 21:42:17,381 - ResultsManager - INFO - Loaded 0 results from SQL storage
2025-03-21 21:42:17,450 - ResultsManager - INFO - Loaded 0 results from SQL storage
2025-03-21 21:53:28,936 - config - INFO - Loading configuration module from: /home/hayden/Documents/qmltest
2025-03-21 21:53:29,046 - ResultsManager - INFO - Loaded 0 results from SQL storage
2025-03-21 21:53:29,126 - ResultsManager - INFO - Loaded 0 results from SQL storage
2025-03-21 21:55:36,895 - config - INFO - Loading configuration module from: /home/hayden/Documents/qmltest
2025-03-21 21:55:36,995 - ResultsManager - INFO - Loaded 0 results from SQL storage
2025-03-21 21:55:37,074 - ResultsManager - INFO - Loaded 0 results from SQL storage
2025-03-21 21:56:00,705 - config - INFO - Loading configuration module from: /home/hayden/Documents/qmltest
2025-03-21 21:56:00,822 - ResultsManager - INFO - Loaded 0 results from SQL storage
2025-03-21 21:56:00,920 - ResultsManager - INFO - Loaded 0 results from SQL storage
2025-03-21 21:57:41,257 - config - INFO - Loading configuration module from: /home/hayden/Documents/qmltest
2025-03-21 21:58:24,127 - config - INFO - Loading configuration module from: /home/hayden/Documents/qmltest
2025-03-21 21:58:24,225 - ResultsManager - INFO - Loaded 0 results from SQL storage
2025-03-21 21:58:24,295 - ResultsManager - INFO - Loaded 0 results from SQL storage
2025-03-21 22:00:55,054 - config - INFO - Loading configuration module from: /home/hayden/Documents/qmltest
2025-03-21 22:00:55,165 - ResultsManager - INFO - Loaded 0 results from SQL storage
2025-03-21 22:00:55,233 - ResultsManager - INFO - Loaded 0 results from SQL storage
2025-03-21 22:04:50,128 - config - INFO - Loading configuration module from: /home/hayden/Documents/qmltest
2025-03-21 22:04:50,231 - ResultsManager - INFO - Loaded 0 results from SQL storage
2025-03-21 22:04:50,300 - ResultsManager - INFO - Loaded 0 results from SQL storage
2025-03-21 22:12:27,730 - config - INFO - Loading configuration module from: /home/hayden/Documents/qmltest
2025-03-21 22:12:27,849 - ResultsManager - INFO - Loaded 0 results from SQL storage
2025-03-21 22:12:27,920 - ResultsManager - INFO - Loaded 0 results from SQL storage
2025-03-21 22:13:38,113 - config - INFO - Loading configuration module from: /home/hayden/Documents/qmltest
2025-03-21 22:13:38,216 - ResultsManager - INFO - Loaded 0 results from SQL storage
2025-03-21 22:13:38,285 - ResultsManager - INFO - Loaded 0 results from SQL storage
2025-03-21 22:20:18,579 - config - INFO - Loading configuration module from: /home/hayden/Documents/qmltest
2025-03-21 22:20:18,688 - ResultsManager - INFO - Loaded 0 results from SQL storage
2025-03-21 22:20:18,766 - ResultsManager - INFO - Loaded 0 results from SQL storage
2025-03-21 22:23:34,823 - config - INFO - Loading configuration module from: /home/hayden/Documents/qmltest
2025-03-21 22:23:34,933 - ResultsManager - INFO - Loaded 0 results from SQL storage
2025-03-21 22:23:35,004 - ResultsManager - INFO - Loaded 0 results from SQL storage
2025-03-21 22:24:58,139 - config - INFO - Loading configuration module from: /home/hayden/Documents/qmltest
2025-03-21 22:24:58,253 - ResultsManager - INFO - Loaded 0 results from SQL storage
2025-03-21 22:24:58,337 - ResultsManager - INFO - Loaded 0 results from SQL storage
2025-03-21 22:26:33,303 - config - INFO - Loading configuration module from: /home/hayden/Documents/qmltest
2025-03-21 22:26:33,426 - ResultsManager - INFO - Loaded 0 results from SQL storage
2025-03-21 22:26:33,510 - ResultsManager - INFO - Loaded 0 results from SQL storage
2025-03-21 22:27:51,588 - config - INFO - Loading configuration module from: /home/hayden/Documents/qmltest
2025-03-21 22:27:51,693 - ResultsManager - INFO - Loaded 0 results from SQL storage
2025-03-21 22:27:51,761 - ResultsManager - INFO - Loaded 0 results from SQL storage
2025-03-21 22:29:20,536 - config - INFO - Loading configuration module from: /home/hayden/Documents/qmltest
2025-03-21 22:29:20,650 - ResultsManager - INFO - Loaded 0 results from SQL storage
2025-03-21 22:29:20,732 - ResultsManager - INFO - Loaded 0 results from SQL storage
2025-03-21 22:30:23,200 - config - INFO - Loading configuration module from: /home/hayden/Documents/qmltest
2025-03-21 22:30:23,321 - ResultsManager - INFO - Loaded 0 results from SQL storage
2025-03-21 22:30:23,399 - ResultsManager - INFO - Loaded 0 results from SQL storage
2025-03-21 22:32:17,445 - config - INFO - Loading configuration module from: /home/hayden/Documents/qmltest
2025-03-21 22:32:17,569 - ResultsManager - INFO - Loaded 0 results from SQL storage
2025-03-21 22:32:17,636 - ResultsManager - INFO - Loaded 0 results from SQL storage
2025-03-21 22:33:50,062 - config - INFO - Loading configuration module from: /home/hayden/Documents/qmltest
2025-03-21 22:33:50,176 - ResultsManager - INFO - Loaded 0 results from SQL storage
2025-03-21 22:33:50,243 - ResultsManager - INFO - Loaded 0 results from SQL storage
2025-03-21 22:35:39,505 - config - INFO - Loading configuration module from: /home/hayden/Documents/qmltest
2025-03-21 22:35:39,609 - ResultsManager - INFO - Loaded 0 results from SQL storage
2025-03-21 22:35:39,680 - ResultsManager - INFO - Loaded 0 results from SQL storage
2025-03-21 22:38:46,551 - config - INFO - Loading configuration module from: /home/hayden/Documents/qmltest
2025-03-21 22:38:46,663 - ResultsManager - INFO - Loaded 0 results from SQL storage
2025-03-21 22:38:46,741 - ResultsManager - INFO - Loaded 0 results from SQL storage
2025-03-21 22:41:11,956 - config - INFO - Loading configuration module from: /home/hayden/Documents/qmltest
2025-03-21 22:41:12,074 - ResultsManager - INFO - Loaded 0 results from SQL storage
2025-03-21 22:41:12,153 - ResultsManager - INFO - Loaded 0 results from SQL storage
2025-03-21 22:42:20,695 - config - INFO - Loading configuration module from: /home/hayden/Documents/qmltest
2025-03-21 22:42:20,787 - ResultsManager - INFO - Loaded 0 results from SQL storage
2025-03-21 22:42:20,859 - ResultsManager - INFO - Loaded 0 results from SQL storage
2025-03-21 22:47:19,432 - config - INFO - Loading configuration module from: /home/hayden/Documents/qmltest
2025-03-21 22:47:19,561 - ResultsManager - INFO - Loaded 0 results from SQL storage
2025-03-21 22:47:19,632 - ResultsManager - INFO - Loaded 0 results from SQL storage
2025-03-21 22:48:28,190 - config - INFO - Loading configuration module from: /home/hayden/Documents/qmltest
2025-03-21 22:48:28,302 - ResultsManager - INFO - Loaded 0 results from SQL storage
2025-03-21 22:48:28,380 - ResultsManager - INFO - Loaded 0 results from SQL storage
2025-03-21 22:50:06,030 - config - INFO - Loading configuration module from: /home/hayden/Documents/qmltest
2025-03-21 22:50:06,175 - ResultsManager - INFO - Loaded 0 results from SQL storage
2025-03-21 22:50:06,252 - ResultsManager - INFO - Loaded 0 results from SQL storage
2025-03-21 22:53:16,045 - config - INFO - Loading configuration module from: /home/hayden/Documents/qmltest
2025-03-21 22:53:16,186 - ResultsManager - INFO - Loaded 0 results from SQL storage
2025-03-21 22:53:16,261 - ResultsManager - INFO - Loaded 0 results from SQL storage
2025-03-21 22:54:35,938 - config - INFO - Loading configuration module from: /home/hayden/Documents/qmltest
2025-03-21 22:54:36,091 - ResultsManager - INFO - Loaded 0 results from SQL storage
2025-03-21 22:54:36,169 - ResultsManager - INFO - Loaded 0 results from SQL storage
2025-03-21 22:55:53,373 - config - INFO - Loading configuration module from: /home/hayden/Documents/qmltest
2025-03-21 22:55:53,498 - ResultsManager - INFO - Loaded 0 results from SQL storage
2025-03-21 22:55:53,607 - ResultsManager - INFO - Loaded 0 results from SQL storage
2025-03-21 22:57:37,304 - config - INFO - Loading configuration module from: /home/hayden/Documents/qmltest
2025-03-21 22:57:37,434 - ResultsManager - INFO - Loaded 0 results from SQL storage
2025-03-21 22:57:37,501 - ResultsManager - INFO - Loaded 0 results from SQL storage
2025-03-21 22:59:58,462 - config - INFO - Loading configuration module from: /home/hayden/Documents/qmltest
2025-03-21 22:59:58,589 - ResultsManager - INFO - Loaded 0 results from SQL storage
2025-03-21 22:59:58,651 - ResultsManager - INFO - Loaded 0 results from SQL storage
2025-03-21 23:02:11,637 - config - INFO - Loading configuration module from: /home/hayden/Documents/qmltest
2025-03-21 23:02:11,786 - ResultsManager - INFO - Loaded 0 results from SQL storage
2025-03-21 23:02:11,868 - ResultsManager - INFO - Loaded 0 results from SQL storage
2025-03-21 23:03:45,475 - config - INFO - Loading configuration module from: /home/hayden/Documents/qmltest
2025-03-21 23:03:45,592 - ResultsManager - INFO - Loaded 0 results from SQL storage
2025-03-21 23:03:45,658 - ResultsManager - INFO - Loaded 0 results from SQL storage
2025-03-21 23:03:58,426 - config - INFO - Loading configuration module from: /home/hayden/Documents/qmltest
2025-03-21 23:03:58,572 - ResultsManager - INFO - Loaded 0 results from SQL storage
2025-03-21 23:03:58,642 - ResultsManager - INFO - Loaded 0 results from SQL storage
2025-03-21 23:05:34,624 - config - INFO - Loading configuration module from: /home/hayden/Documents/qmltest
2025-03-21 23:05:34,742 - ResultsManager - INFO - Loaded 0 results from SQL storage
2025-03-21 23:05:34,811 - ResultsManager - INFO - Loaded 0 results from SQL storage
2025-03-21 23:07:02,986 - config - INFO - Loading configuration module from: /home/hayden/Documents/qmltest
2025-03-21 23:07:03,101 - ResultsManager - INFO - Loaded 0 results from SQL storage
2025-03-21 23:07:03,172 - ResultsManager - INFO - Loaded 0 results from SQL storage
2025-03-21 23:08:04,595 - config - INFO - Loading configuration module from: /home/hayden/Documents/qmltest
2025-03-21 23:08:04,695 - ResultsManager - INFO - Loaded 0 results from SQL storage
2025-03-21 23:08:04,759 - ResultsManager - INFO - Loaded 0 results from SQL storage
2025-03-21 23:08:35,937 - config - INFO - Loading configuration module from: /home/hayden/Documents/qmltest
2025-03-21 23:08:36,045 - ResultsManager - INFO - Loaded 0 results from SQL storage
2025-03-21 23:08:36,112 - ResultsManager - INFO - Loaded 0 results from SQL storage
2025-03-21 23:09:21,444 - config - INFO - Loading configuration module from: /home/hayden/Documents/qmltest
2025-03-21 23:09:21,555 - ResultsManager - INFO - Loaded 0 results from SQL storage
2025-03-21 23:09:21,625 - ResultsManager - INFO - Loaded 0 results from SQL storage
2025-03-21 23:13:57,611 - config - INFO - Loading configuration module from: /home/hayden/Documents/qmltest
2025-03-21 23:13:57,746 - ResultsManager - INFO - Loaded 0 results from SQL storage
2025-03-21 23:13:57,835 - ResultsManager - INFO - Loaded 0 results from SQL storage
2025-03-21 23:14:28,358 - config - INFO - Loading configuration module from: /home/hayden/Documents/qmltest
2025-03-21 23:14:28,490 - ResultsManager - INFO - Loaded 0 results from SQL storage
2025-03-21 23:14:28,559 - ResultsManager - INFO - Loaded 0 results from SQL storage
2025-03-21 23:15:20,921 - config - INFO - Loading configuration module from: /home/hayden/Documents/qmltest
2025-03-21 23:15:21,048 - ResultsManager - INFO - Loaded 0 results from SQL storage
2025-03-21 23:15:21,116 - ResultsManager - INFO - Loaded 0 results from SQL storage
2025-03-21 23:16:32,947 - config - INFO - Loading configuration module from: /home/hayden/Documents/qmltest
2025-03-21 23:16:33,104 - ResultsManager - INFO - Loaded 0 results from SQL storage
2025-03-21 23:16:33,174 - ResultsManager - INFO - Loaded 0 results from SQL storage
2025-03-21 23:19:34,940 - config - INFO - Loading configuration module from: /home/hayden/Documents/qmltest
2025-03-21 23:19:35,061 - ResultsManager - INFO - Loaded 0 results from SQL storage
2025-03-21 23:19:35,141 - ResultsManager - INFO - Loaded 0 results from SQL storage
2025-03-21 23:21:01,353 - config - INFO - Loading configuration module from: /home/hayden/Documents/qmltest
2025-03-21 23:21:01,456 - ResultsManager - INFO - Loaded 0 results from SQL storage
2025-03-21 23:21:01,527 - ResultsManager - INFO - Loaded 0 results from SQL storage
2025-03-21 23:23:03,836 - config - INFO - Loading configuration module from: /home/hayden/Documents/qmltest
2025-03-21 23:23:03,949 - ResultsManager - INFO - Loaded 0 results from SQL storage
2025-03-21 23:23:04,029 - ResultsManager - INFO - Loaded 0 results from SQL storage
