2025-03-10 07:34:10,710 - config - INFO - Loading configuration module from: /home/hayden/Documents/qmltest
2025-03-10 07:34:10,710 - config - INFO - Initializing configuration system from: /home/hayden/Documents/qmltest/config.json
2025-03-10 07:34:10,710 - config - INFO - Configuration loaded successfully
2025-03-10 07:34:10,796 - ResultsManager - INFO - Loaded 3 results from CSV
2025-03-10 07:34:10,860 - ResultsManager - INFO - Loaded 3 results from CSV
2025-03-10 07:34:40,571 - ResultsManager - INFO - Loaded 4 results from CSV
2025-03-10 07:34:40,571 - ResultsManager - INFO - Saved new calculation for Al 185mmÂ² cable
2025-03-10 07:57:42,407 - config - INFO - Loading configuration module from: C:\Users\HBAdmin.INDLINE-L1032\qmlTableView
2025-03-10 07:57:42,407 - config - INFO - Initializing configuration system from: C:\Users\HBAdmin.INDLINE-L1032\qmlTableView\config.json
2025-03-10 07:57:42,407 - config - INFO - Configuration loaded successfully
2025-03-10 07:57:42,518 - ResultsManager - INFO - Loaded 4 results from CSV
2025-03-10 07:57:42,798 - ResultsManager - INFO - Loaded 4 results from CSV
2025-03-10 08:10:05,806 - config - INFO - Loading configuration module from: C:\Users\HBAdmin.INDLINE-L1032\qmlTableView
2025-03-10 08:10:05,806 - config - INFO - Initializing configuration system from: C:\Users\HBAdmin.INDLINE-L1032\qmlTableView\config.json
2025-03-10 08:10:05,806 - config - INFO - Configuration loaded successfully
2025-03-10 08:10:05,893 - ResultsManager - INFO - Loaded 4 results from CSV
2025-03-10 08:10:06,153 - ResultsManager - INFO - Loaded 4 results from CSV
2025-03-10 09:38:45,977 - config - INFO - Loading configuration module from: C:\Users\HBAdmin.INDLINE-L1032\qmlTableView
2025-03-10 09:38:45,977 - config - INFO - Initializing configuration system from: C:\Users\HBAdmin.INDLINE-L1032\qmlTableView\config.json
2025-03-10 09:38:45,977 - config - INFO - Configuration loaded successfully
2025-03-10 09:38:46,137 - ResultsManager - INFO - Loaded 4 results from CSV
2025-03-10 09:38:46,471 - ResultsManager - INFO - Loaded 4 results from CSV
2025-03-10 10:02:27,531 - config - INFO - Loading configuration module from: C:\Users\HBAdmin.INDLINE-L1032\qmlTableView
2025-03-10 10:02:27,531 - config - INFO - Initializing configuration system from: C:\Users\HBAdmin.INDLINE-L1032\qmlTableView\config.json
2025-03-10 10:02:27,531 - config - INFO - Configuration loaded successfully
2025-03-10 10:02:27,633 - ResultsManager - INFO - Loaded 4 results from CSV
2025-03-10 10:02:27,907 - ResultsManager - INFO - Loaded 4 results from CSV
2025-03-10 10:06:38,966 - config - INFO - Loading configuration module from: C:\Users\HBAdmin.INDLINE-L1032\qmlTableView
2025-03-10 10:06:38,966 - config - INFO - Initializing configuration system from: C:\Users\HBAdmin.INDLINE-L1032\qmlTableView\config.json
2025-03-10 10:06:38,966 - config - INFO - Configuration loaded successfully
2025-03-10 10:06:39,035 - ResultsManager - INFO - Loaded 4 results from CSV
2025-03-10 10:06:39,221 - ResultsManager - INFO - Loaded 4 results from CSV
2025-03-10 10:06:58,627 - config - INFO - Loading configuration module from: C:\Users\HBAdmin.INDLINE-L1032\qmlTableView
2025-03-10 10:06:58,627 - config - INFO - Initializing configuration system from: C:\Users\HBAdmin.INDLINE-L1032\qmlTableView\config.json
2025-03-10 10:06:58,627 - config - INFO - Configuration loaded successfully
2025-03-10 10:06:58,682 - ResultsManager - INFO - Loaded 4 results from CSV
2025-03-10 10:06:58,878 - ResultsManager - INFO - Loaded 4 results from CSV
2025-03-10 10:18:32,573 - ResultsManager - INFO - Loaded 5 results from CSV
2025-03-10 10:18:32,574 - ResultsManager - INFO - Saved new calculation for Al 300mm² cable
2025-03-10 12:24:06,413 - config - INFO - Loading configuration module from: C:\Users\HBAdmin.INDLINE-L1032\qmlTableView
2025-03-10 12:24:06,413 - config - INFO - Initializing configuration system from: C:\Users\HBAdmin.INDLINE-L1032\qmlTableView\config.json
2025-03-10 12:24:06,413 - config - INFO - Configuration loaded successfully
2025-03-10 12:24:06,532 - ResultsManager - INFO - Loaded 5 results from CSV
2025-03-10 12:24:06,871 - ResultsManager - INFO - Loaded 5 results from CSV
2025-03-10 12:26:44,514 - ResultsManager - INFO - Loaded 6 results from CSV
2025-03-10 12:26:44,515 - ResultsManager - INFO - Saved new calculation for Al 300mm² cable
2025-03-10 12:26:47,766 - ResultsManager - INFO - Loaded 1 results from CSV
2025-03-10 12:26:47,766 - ResultsManager - INFO - Saved new calculation for Al 300mm² cable
2025-03-10 12:29:03,820 - config - INFO - Loading configuration module from: C:\Users\HBAdmin.INDLINE-L1032\qmlTableView
2025-03-10 12:29:03,820 - config - INFO - Initializing configuration system from: C:\Users\HBAdmin.INDLINE-L1032\qmlTableView\config.json
2025-03-10 12:29:03,820 - config - INFO - Configuration loaded successfully
2025-03-10 12:29:03,947 - ResultsManager - INFO - Loaded 1 results from CSV
2025-03-10 12:29:04,252 - ResultsManager - INFO - Loaded 1 results from CSV
2025-03-10 12:29:32,174 - ResultsManager - INFO - Loaded 1 results from CSV
2025-03-10 12:30:25,063 - config - INFO - Loading configuration module from: C:\Users\HBAdmin.INDLINE-L1032\qmlTableView
2025-03-10 12:30:25,063 - config - INFO - Initializing configuration system from: C:\Users\HBAdmin.INDLINE-L1032\qmlTableView\config.json
2025-03-10 12:30:25,063 - config - INFO - Configuration loaded successfully
2025-03-10 12:30:25,124 - ResultsManager - INFO - Loaded 0 results from CSV
2025-03-10 12:30:25,319 - ResultsManager - INFO - Loaded 0 results from CSV
2025-03-10 12:31:36,947 - config - INFO - Loading configuration module from: C:\Users\HBAdmin.INDLINE-L1032\qmlTableView
2025-03-10 12:31:36,947 - config - INFO - Initializing configuration system from: C:\Users\HBAdmin.INDLINE-L1032\qmlTableView\config.json
2025-03-10 12:31:36,947 - config - INFO - Configuration loaded successfully
2025-03-10 12:31:37,005 - ResultsManager - INFO - Loaded 0 results from CSV
2025-03-10 12:31:37,222 - ResultsManager - INFO - Loaded 0 results from CSV
2025-03-10 12:32:27,165 - config - INFO - Loading configuration module from: C:\Users\HBAdmin.INDLINE-L1032\qmlTableView
2025-03-10 12:32:27,165 - config - INFO - Initializing configuration system from: C:\Users\HBAdmin.INDLINE-L1032\qmlTableView\config.json
2025-03-10 12:32:27,165 - config - INFO - Configuration loaded successfully
2025-03-10 12:32:27,218 - ResultsManager - INFO - Loaded 0 results from CSV
2025-03-10 12:32:27,415 - ResultsManager - INFO - Loaded 0 results from CSV
2025-03-10 12:34:10,076 - config - INFO - Loading configuration module from: C:\Users\HBAdmin.INDLINE-L1032\qmlTableView
2025-03-10 12:34:10,076 - config - INFO - Initializing configuration system from: C:\Users\HBAdmin.INDLINE-L1032\qmlTableView\config.json
2025-03-10 12:34:10,076 - config - INFO - Configuration loaded successfully
2025-03-10 12:34:10,208 - ResultsManager - INFO - Loaded 0 results from CSV
2025-03-10 12:34:10,549 - ResultsManager - INFO - Loaded 0 results from CSV
2025-03-10 12:34:37,761 - config - INFO - Loading configuration module from: C:\Users\HBAdmin.INDLINE-L1032\qmlTableView
2025-03-10 12:34:37,761 - config - INFO - Initializing configuration system from: C:\Users\HBAdmin.INDLINE-L1032\qmlTableView\config.json
2025-03-10 12:34:37,761 - config - INFO - Configuration loaded successfully
2025-03-10 12:34:37,822 - ResultsManager - INFO - Loaded 0 results from CSV
2025-03-10 12:34:38,029 - ResultsManager - INFO - Loaded 0 results from CSV
2025-03-10 12:35:00,712 - config - INFO - Loading configuration module from: C:\Users\HBAdmin.INDLINE-L1032\qmlTableView
2025-03-10 12:35:00,712 - config - INFO - Initializing configuration system from: C:\Users\HBAdmin.INDLINE-L1032\qmlTableView\config.json
2025-03-10 12:35:00,712 - config - INFO - Configuration loaded successfully
2025-03-10 12:35:00,762 - ResultsManager - INFO - Loaded 0 results from CSV
2025-03-10 12:35:00,970 - ResultsManager - INFO - Loaded 0 results from CSV
2025-03-10 12:35:26,974 - config - INFO - Loading configuration module from: C:\Users\HBAdmin.INDLINE-L1032\qmlTableView
2025-03-10 12:35:26,974 - config - INFO - Initializing configuration system from: C:\Users\HBAdmin.INDLINE-L1032\qmlTableView\config.json
2025-03-10 12:35:26,984 - config - INFO - Configuration loaded successfully
2025-03-10 12:35:27,044 - ResultsManager - INFO - Loaded 0 results from CSV
2025-03-10 12:35:27,247 - ResultsManager - INFO - Loaded 0 results from CSV
2025-03-10 12:35:46,419 - config - INFO - Loading configuration module from: C:\Users\HBAdmin.INDLINE-L1032\qmlTableView
2025-03-10 12:35:46,419 - config - INFO - Initializing configuration system from: C:\Users\HBAdmin.INDLINE-L1032\qmlTableView\config.json
2025-03-10 12:35:46,420 - config - INFO - Configuration loaded successfully
2025-03-10 12:35:46,460 - ResultsManager - INFO - Loaded 0 results from CSV
2025-03-10 12:35:46,653 - ResultsManager - INFO - Loaded 0 results from CSV
2025-03-10 12:37:31,191 - config - INFO - Loading configuration module from: C:\Users\HBAdmin.INDLINE-L1032\qmlTableView
2025-03-10 12:37:31,191 - config - INFO - Initializing configuration system from: C:\Users\HBAdmin.INDLINE-L1032\qmlTableView\config.json
2025-03-10 12:37:31,191 - config - INFO - Configuration loaded successfully
2025-03-10 12:37:31,251 - ResultsManager - INFO - Loaded 0 results from CSV
2025-03-10 12:37:31,442 - ResultsManager - INFO - Loaded 0 results from CSV
2025-03-10 12:38:01,468 - config - INFO - Loading configuration module from: C:\Users\HBAdmin.INDLINE-L1032\qmlTableView
2025-03-10 12:38:01,468 - config - INFO - Initializing configuration system from: C:\Users\HBAdmin.INDLINE-L1032\qmlTableView\config.json
2025-03-10 12:38:01,468 - config - INFO - Configuration loaded successfully
2025-03-10 12:38:01,522 - ResultsManager - INFO - Loaded 0 results from CSV
2025-03-10 12:38:01,720 - ResultsManager - INFO - Loaded 0 results from CSV
2025-03-10 12:38:49,081 - config - INFO - Loading configuration module from: C:\Users\HBAdmin.INDLINE-L1032\qmlTableView
2025-03-10 12:38:49,081 - config - INFO - Initializing configuration system from: C:\Users\HBAdmin.INDLINE-L1032\qmlTableView\config.json
2025-03-10 12:38:49,081 - config - INFO - Configuration loaded successfully
2025-03-10 12:38:49,209 - ResultsManager - INFO - Loaded 0 results from CSV
2025-03-10 12:38:49,513 - ResultsManager - INFO - Loaded 0 results from CSV
2025-03-10 12:40:03,708 - config - INFO - Loading configuration module from: C:\Users\HBAdmin.INDLINE-L1032\qmlTableView
2025-03-10 12:40:03,708 - config - INFO - Initializing configuration system from: C:\Users\HBAdmin.INDLINE-L1032\qmlTableView\config.json
2025-03-10 12:40:03,708 - config - INFO - Configuration loaded successfully
2025-03-10 12:40:03,767 - ResultsManager - INFO - Loaded 0 results from CSV
2025-03-10 12:40:03,979 - ResultsManager - INFO - Loaded 0 results from CSV
2025-03-10 12:46:33,100 - config - INFO - Loading configuration module from: C:\Users\HBAdmin.INDLINE-L1032\qmlTableView
2025-03-10 12:46:33,100 - config - INFO - Initializing configuration system from: C:\Users\HBAdmin.INDLINE-L1032\qmlTableView\config.json
2025-03-10 12:46:33,100 - config - INFO - Configuration loaded successfully
2025-03-10 12:46:33,228 - ResultsManager - INFO - Loaded 0 results from CSV
2025-03-10 12:46:33,547 - ResultsManager - INFO - Loaded 0 results from CSV
2025-03-10 12:48:20,335 - config - INFO - Loading configuration module from: C:\Users\HBAdmin.INDLINE-L1032\qmlTableView
2025-03-10 12:48:20,335 - config - INFO - Initializing configuration system from: C:\Users\HBAdmin.INDLINE-L1032\qmlTableView\config.json
2025-03-10 12:48:20,335 - config - INFO - Configuration loaded successfully
2025-03-10 12:48:20,395 - ResultsManager - INFO - Loaded 0 results from CSV
2025-03-10 12:48:20,582 - ResultsManager - INFO - Loaded 0 results from CSV
2025-03-10 13:01:00,957 - config - INFO - Loading configuration module from: C:\Users\HBAdmin.INDLINE-L1032\qmlTableView
2025-03-10 13:01:00,957 - config - INFO - Initializing configuration system from: C:\Users\HBAdmin.INDLINE-L1032\qmlTableView\config.json
2025-03-10 13:01:00,957 - config - INFO - Configuration loaded successfully
2025-03-10 13:01:01,060 - ResultsManager - INFO - Loaded 0 results from CSV
2025-03-10 13:01:01,398 - ResultsManager - INFO - Loaded 0 results from CSV
2025-03-10 13:01:32,125 - config - INFO - Loading configuration module from: C:\Users\HBAdmin.INDLINE-L1032\qmlTableView
2025-03-10 13:01:32,125 - config - INFO - Initializing configuration system from: C:\Users\HBAdmin.INDLINE-L1032\qmlTableView\config.json
2025-03-10 13:01:32,125 - config - INFO - Configuration loaded successfully
2025-03-10 13:01:32,172 - ResultsManager - INFO - Loaded 0 results from CSV
2025-03-10 13:01:32,415 - ResultsManager - INFO - Loaded 0 results from CSV
2025-03-10 13:04:41,872 - config - INFO - Loading configuration module from: C:\Users\HBAdmin.INDLINE-L1032\qmlTableView
2025-03-10 13:04:41,872 - config - INFO - Initializing configuration system from: C:\Users\HBAdmin.INDLINE-L1032\qmlTableView\config.json
2025-03-10 13:04:41,872 - config - INFO - Configuration loaded successfully
2025-03-10 13:04:42,010 - ResultsManager - INFO - Loaded 0 results from CSV
2025-03-10 13:04:42,339 - ResultsManager - INFO - Loaded 0 results from CSV
2025-03-10 13:17:24,548 - config - INFO - Loading configuration module from: C:\Users\HBAdmin.INDLINE-L1032\qmlTableView
2025-03-10 13:17:24,548 - config - INFO - Initializing configuration system from: C:\Users\HBAdmin.INDLINE-L1032\qmlTableView\config.json
2025-03-10 13:17:24,548 - config - INFO - Configuration loaded successfully
2025-03-10 13:17:24,668 - ResultsManager - INFO - Loaded 0 results from CSV
2025-03-10 13:17:24,993 - ResultsManager - INFO - Loaded 0 results from CSV
2025-03-10 13:19:42,645 - config - INFO - Loading configuration module from: C:\Users\HBAdmin.INDLINE-L1032\qmlTableView
2025-03-10 13:19:42,645 - config - INFO - Initializing configuration system from: C:\Users\HBAdmin.INDLINE-L1032\qmlTableView\config.json
2025-03-10 13:19:42,645 - config - INFO - Configuration loaded successfully
2025-03-10 13:19:42,698 - ResultsManager - INFO - Loaded 0 results from CSV
2025-03-10 13:19:42,911 - ResultsManager - INFO - Loaded 0 results from CSV
2025-03-10 13:20:31,459 - config - INFO - Loading configuration module from: C:\Users\HBAdmin.INDLINE-L1032\qmlTableView
2025-03-10 13:20:31,459 - config - INFO - Initializing configuration system from: C:\Users\HBAdmin.INDLINE-L1032\qmlTableView\config.json
2025-03-10 13:20:31,459 - config - INFO - Configuration loaded successfully
2025-03-10 13:20:31,504 - ResultsManager - INFO - Loaded 0 results from CSV
2025-03-10 13:20:31,695 - ResultsManager - INFO - Loaded 0 results from CSV
2025-03-10 14:00:42,363 - config - INFO - Loading configuration module from: C:\Users\HBAdmin.INDLINE-L1032\qmlTableView
2025-03-10 14:00:42,373 - config - INFO - Initializing configuration system from: C:\Users\HBAdmin.INDLINE-L1032\qmlTableView\config.json
2025-03-10 14:00:42,373 - config - INFO - Configuration loaded successfully
2025-03-10 14:00:42,503 - ResultsManager - INFO - Loaded 0 results from CSV
2025-03-10 14:00:42,848 - ResultsManager - INFO - Loaded 0 results from CSV
2025-03-10 14:03:25,425 - config - INFO - Loading configuration module from: C:\Users\HBAdmin.INDLINE-L1032\qmlTableView
2025-03-10 14:03:25,425 - config - INFO - Initializing configuration system from: C:\Users\HBAdmin.INDLINE-L1032\qmlTableView\config.json
2025-03-10 14:03:25,425 - config - INFO - Configuration loaded successfully
2025-03-10 14:03:25,497 - ResultsManager - INFO - Loaded 0 results from CSV
2025-03-10 14:03:25,703 - ResultsManager - INFO - Loaded 0 results from CSV
2025-03-10 14:04:16,249 - config - INFO - Loading configuration module from: C:\Users\HBAdmin.INDLINE-L1032\qmlTableView
2025-03-10 14:04:16,249 - config - INFO - Initializing configuration system from: C:\Users\HBAdmin.INDLINE-L1032\qmlTableView\config.json
2025-03-10 14:04:16,249 - config - INFO - Configuration loaded successfully
2025-03-10 14:04:16,314 - ResultsManager - INFO - Loaded 0 results from CSV
2025-03-10 14:04:16,533 - ResultsManager - INFO - Loaded 0 results from CSV
2025-03-10 14:05:39,983 - config - INFO - Loading configuration module from: C:\Users\HBAdmin.INDLINE-L1032\qmlTableView
2025-03-10 14:05:39,983 - config - INFO - Initializing configuration system from: C:\Users\HBAdmin.INDLINE-L1032\qmlTableView\config.json
2025-03-10 14:05:39,988 - config - INFO - Configuration loaded successfully
2025-03-10 14:05:40,044 - ResultsManager - INFO - Loaded 0 results from CSV
2025-03-10 14:05:40,243 - ResultsManager - INFO - Loaded 0 results from CSV
2025-03-10 14:06:06,614 - config - INFO - Loading configuration module from: C:\Users\HBAdmin.INDLINE-L1032\qmlTableView
2025-03-10 14:06:06,614 - config - INFO - Initializing configuration system from: C:\Users\HBAdmin.INDLINE-L1032\qmlTableView\config.json
2025-03-10 14:06:06,614 - config - INFO - Configuration loaded successfully
2025-03-10 14:06:06,767 - ResultsManager - INFO - Loaded 0 results from CSV
2025-03-10 14:06:07,133 - ResultsManager - INFO - Loaded 0 results from CSV
2025-03-10 14:06:53,495 - config - INFO - Loading configuration module from: C:\Users\HBAdmin.INDLINE-L1032\qmlTableView
2025-03-10 14:06:53,495 - config - INFO - Initializing configuration system from: C:\Users\HBAdmin.INDLINE-L1032\qmlTableView\config.json
2025-03-10 14:06:53,495 - config - INFO - Configuration loaded successfully
2025-03-10 14:06:53,563 - ResultsManager - INFO - Loaded 0 results from CSV
2025-03-10 14:06:53,785 - ResultsManager - INFO - Loaded 0 results from CSV
2025-03-10 14:08:30,834 - config - INFO - Loading configuration module from: C:\Users\HBAdmin.INDLINE-L1032\qmlTableView
2025-03-10 14:08:30,834 - config - INFO - Initializing configuration system from: C:\Users\HBAdmin.INDLINE-L1032\qmlTableView\config.json
2025-03-10 14:08:30,834 - config - INFO - Configuration loaded successfully
2025-03-10 14:08:30,996 - ResultsManager - INFO - Loaded 0 results from CSV
2025-03-10 14:08:31,418 - ResultsManager - INFO - Loaded 0 results from CSV
2025-03-10 14:09:12,115 - config - INFO - Loading configuration module from: C:\Users\HBAdmin.INDLINE-L1032\qmlTableView
2025-03-10 14:09:12,123 - config - INFO - Initializing configuration system from: C:\Users\HBAdmin.INDLINE-L1032\qmlTableView\config.json
2025-03-10 14:09:12,123 - config - INFO - Configuration loaded successfully
2025-03-10 14:09:12,179 - ResultsManager - INFO - Loaded 0 results from CSV
2025-03-10 14:09:12,393 - ResultsManager - INFO - Loaded 0 results from CSV
2025-03-10 14:11:05,866 - config - INFO - Loading configuration module from: C:\Users\HBAdmin.INDLINE-L1032\qmlTableView
2025-03-10 14:11:05,866 - config - INFO - Initializing configuration system from: C:\Users\HBAdmin.INDLINE-L1032\qmlTableView\config.json
2025-03-10 14:11:05,866 - config - INFO - Configuration loaded successfully
2025-03-10 14:11:05,929 - ResultsManager - INFO - Loaded 0 results from CSV
2025-03-10 14:11:06,154 - ResultsManager - INFO - Loaded 0 results from CSV
2025-03-10 14:11:57,916 - config - INFO - Loading configuration module from: C:\Users\HBAdmin.INDLINE-L1032\qmlTableView
2025-03-10 14:11:57,916 - config - INFO - Initializing configuration system from: C:\Users\HBAdmin.INDLINE-L1032\qmlTableView\config.json
2025-03-10 14:11:57,916 - config - INFO - Configuration loaded successfully
2025-03-10 14:11:57,988 - ResultsManager - INFO - Loaded 0 results from CSV
2025-03-10 14:11:58,195 - ResultsManager - INFO - Loaded 0 results from CSV
2025-03-10 14:12:45,355 - config - INFO - Loading configuration module from: C:\Users\HBAdmin.INDLINE-L1032\qmlTableView
2025-03-10 14:12:45,355 - config - INFO - Initializing configuration system from: C:\Users\HBAdmin.INDLINE-L1032\qmlTableView\config.json
2025-03-10 14:12:45,355 - config - INFO - Configuration loaded successfully
2025-03-10 14:12:45,414 - ResultsManager - INFO - Loaded 0 results from CSV
2025-03-10 14:12:45,625 - ResultsManager - INFO - Loaded 0 results from CSV
2025-03-10 14:14:05,477 - config - INFO - Loading configuration module from: C:\Users\HBAdmin.INDLINE-L1032\qmlTableView
2025-03-10 14:14:05,477 - config - INFO - Initializing configuration system from: C:\Users\HBAdmin.INDLINE-L1032\qmlTableView\config.json
2025-03-10 14:14:05,477 - config - INFO - Configuration loaded successfully
2025-03-10 14:14:05,635 - ResultsManager - INFO - Loaded 0 results from CSV
2025-03-10 14:14:05,989 - ResultsManager - INFO - Loaded 0 results from CSV
2025-03-10 14:14:38,654 - config - INFO - Loading configuration module from: C:\Users\HBAdmin.INDLINE-L1032\qmlTableView
2025-03-10 14:14:38,654 - config - INFO - Initializing configuration system from: C:\Users\HBAdmin.INDLINE-L1032\qmlTableView\config.json
2025-03-10 14:14:38,654 - config - INFO - Configuration loaded successfully
2025-03-10 14:14:38,714 - ResultsManager - INFO - Loaded 0 results from CSV
2025-03-10 14:14:38,917 - ResultsManager - INFO - Loaded 0 results from CSV
2025-03-10 14:15:11,437 - config - INFO - Loading configuration module from: C:\Users\HBAdmin.INDLINE-L1032\qmlTableView
2025-03-10 14:15:11,437 - config - INFO - Initializing configuration system from: C:\Users\HBAdmin.INDLINE-L1032\qmlTableView\config.json
2025-03-10 14:15:11,437 - config - INFO - Configuration loaded successfully
2025-03-10 14:15:11,501 - ResultsManager - INFO - Loaded 0 results from CSV
2025-03-10 14:15:55,734 - config - INFO - Loading configuration module from: C:\Users\HBAdmin.INDLINE-L1032\qmlTableView
2025-03-10 14:15:55,734 - config - INFO - Initializing configuration system from: C:\Users\HBAdmin.INDLINE-L1032\qmlTableView\config.json
2025-03-10 14:15:55,734 - config - INFO - Configuration loaded successfully
2025-03-10 14:15:55,799 - ResultsManager - INFO - Loaded 0 results from CSV
2025-03-10 14:15:56,004 - ResultsManager - INFO - Loaded 0 results from CSV
2025-03-10 14:16:45,054 - config - INFO - Loading configuration module from: C:\Users\HBAdmin.INDLINE-L1032\qmlTableView
2025-03-10 14:16:45,054 - config - INFO - Initializing configuration system from: C:\Users\HBAdmin.INDLINE-L1032\qmlTableView\config.json
2025-03-10 14:16:45,054 - config - INFO - Configuration loaded successfully
2025-03-10 14:16:45,118 - ResultsManager - INFO - Loaded 0 results from CSV
2025-03-10 14:16:45,344 - ResultsManager - INFO - Loaded 0 results from CSV
2025-03-10 14:17:19,284 - config - INFO - Loading configuration module from: C:\Users\HBAdmin.INDLINE-L1032\qmlTableView
2025-03-10 14:17:19,284 - config - INFO - Initializing configuration system from: C:\Users\HBAdmin.INDLINE-L1032\qmlTableView\config.json
2025-03-10 14:17:19,284 - config - INFO - Configuration loaded successfully
2025-03-10 14:17:19,354 - ResultsManager - INFO - Loaded 0 results from CSV
2025-03-10 14:17:19,587 - ResultsManager - INFO - Loaded 0 results from CSV
2025-03-10 14:17:45,719 - config - INFO - Loading configuration module from: C:\Users\HBAdmin.INDLINE-L1032\qmlTableView
2025-03-10 14:17:45,719 - config - INFO - Initializing configuration system from: C:\Users\HBAdmin.INDLINE-L1032\qmlTableView\config.json
2025-03-10 14:17:45,719 - config - INFO - Configuration loaded successfully
2025-03-10 14:17:45,774 - ResultsManager - INFO - Loaded 0 results from CSV
2025-03-10 14:17:45,994 - ResultsManager - INFO - Loaded 0 results from CSV
2025-03-10 14:18:14,854 - config - INFO - Loading configuration module from: C:\Users\HBAdmin.INDLINE-L1032\qmlTableView
2025-03-10 14:18:14,854 - config - INFO - Initializing configuration system from: C:\Users\HBAdmin.INDLINE-L1032\qmlTableView\config.json
2025-03-10 14:18:14,854 - config - INFO - Configuration loaded successfully
2025-03-10 14:18:14,914 - ResultsManager - INFO - Loaded 0 results from CSV
2025-03-10 14:18:15,127 - ResultsManager - INFO - Loaded 0 results from CSV
2025-03-10 14:18:50,428 - config - INFO - Loading configuration module from: C:\Users\HBAdmin.INDLINE-L1032\qmlTableView
2025-03-10 14:18:50,428 - config - INFO - Initializing configuration system from: C:\Users\HBAdmin.INDLINE-L1032\qmlTableView\config.json
2025-03-10 14:18:50,428 - config - INFO - Configuration loaded successfully
2025-03-10 14:18:50,484 - ResultsManager - INFO - Loaded 0 results from CSV
2025-03-10 14:18:50,704 - ResultsManager - INFO - Loaded 0 results from CSV
2025-03-10 14:19:15,664 - config - INFO - Loading configuration module from: C:\Users\HBAdmin.INDLINE-L1032\qmlTableView
2025-03-10 14:19:15,664 - config - INFO - Initializing configuration system from: C:\Users\HBAdmin.INDLINE-L1032\qmlTableView\config.json
2025-03-10 14:19:15,664 - config - INFO - Configuration loaded successfully
2025-03-10 14:19:15,824 - ResultsManager - INFO - Loaded 0 results from CSV
2025-03-10 14:19:16,194 - ResultsManager - INFO - Loaded 0 results from CSV
2025-03-10 14:19:49,920 - config - INFO - Loading configuration module from: C:\Users\HBAdmin.INDLINE-L1032\qmlTableView
2025-03-10 14:19:49,920 - config - INFO - Initializing configuration system from: C:\Users\HBAdmin.INDLINE-L1032\qmlTableView\config.json
2025-03-10 14:19:49,920 - config - INFO - Configuration loaded successfully
2025-03-10 14:19:49,983 - ResultsManager - INFO - Loaded 0 results from CSV
2025-03-10 14:19:50,194 - ResultsManager - INFO - Loaded 0 results from CSV
2025-03-10 14:20:31,404 - config - INFO - Loading configuration module from: C:\Users\HBAdmin.INDLINE-L1032\qmlTableView
2025-03-10 14:20:31,404 - config - INFO - Initializing configuration system from: C:\Users\HBAdmin.INDLINE-L1032\qmlTableView\config.json
2025-03-10 14:20:31,404 - config - INFO - Configuration loaded successfully
2025-03-10 14:20:31,467 - ResultsManager - INFO - Loaded 0 results from CSV
2025-03-10 14:20:31,688 - ResultsManager - INFO - Loaded 0 results from CSV
2025-03-10 14:21:09,694 - config - INFO - Loading configuration module from: C:\Users\HBAdmin.INDLINE-L1032\qmlTableView
2025-03-10 14:21:09,694 - config - INFO - Initializing configuration system from: C:\Users\HBAdmin.INDLINE-L1032\qmlTableView\config.json
2025-03-10 14:21:09,699 - config - INFO - Configuration loaded successfully
2025-03-10 14:21:09,754 - ResultsManager - INFO - Loaded 0 results from CSV
2025-03-10 14:21:09,974 - ResultsManager - INFO - Loaded 0 results from CSV
2025-03-10 14:21:49,145 - config - INFO - Loading configuration module from: C:\Users\HBAdmin.INDLINE-L1032\qmlTableView
2025-03-10 14:21:49,145 - config - INFO - Initializing configuration system from: C:\Users\HBAdmin.INDLINE-L1032\qmlTableView\config.json
2025-03-10 14:21:49,145 - config - INFO - Configuration loaded successfully
2025-03-10 14:21:49,210 - ResultsManager - INFO - Loaded 0 results from CSV
2025-03-10 14:21:49,424 - ResultsManager - INFO - Loaded 0 results from CSV
2025-03-10 14:22:10,060 - config - INFO - Loading configuration module from: C:\Users\HBAdmin.INDLINE-L1032\qmlTableView
2025-03-10 14:22:10,060 - config - INFO - Initializing configuration system from: C:\Users\HBAdmin.INDLINE-L1032\qmlTableView\config.json
2025-03-10 14:22:10,060 - config - INFO - Configuration loaded successfully
2025-03-10 14:22:10,118 - ResultsManager - INFO - Loaded 0 results from CSV
2025-03-10 14:22:10,341 - ResultsManager - INFO - Loaded 0 results from CSV
2025-03-10 14:22:43,505 - config - INFO - Loading configuration module from: C:\Users\HBAdmin.INDLINE-L1032\qmlTableView
2025-03-10 14:22:43,505 - config - INFO - Initializing configuration system from: C:\Users\HBAdmin.INDLINE-L1032\qmlTableView\config.json
2025-03-10 14:22:43,505 - config - INFO - Configuration loaded successfully
2025-03-10 14:22:43,564 - ResultsManager - INFO - Loaded 0 results from CSV
2025-03-10 14:22:43,769 - ResultsManager - INFO - Loaded 0 results from CSV
2025-03-10 14:23:04,269 - config - INFO - Loading configuration module from: C:\Users\HBAdmin.INDLINE-L1032\qmlTableView
2025-03-10 14:23:04,269 - config - INFO - Initializing configuration system from: C:\Users\HBAdmin.INDLINE-L1032\qmlTableView\config.json
2025-03-10 14:23:04,269 - config - INFO - Configuration loaded successfully
2025-03-10 14:23:04,330 - ResultsManager - INFO - Loaded 0 results from CSV
2025-03-10 14:23:04,554 - ResultsManager - INFO - Loaded 0 results from CSV
2025-03-10 14:23:33,909 - config - INFO - Loading configuration module from: C:\Users\HBAdmin.INDLINE-L1032\qmlTableView
2025-03-10 14:23:33,909 - config - INFO - Initializing configuration system from: C:\Users\HBAdmin.INDLINE-L1032\qmlTableView\config.json
2025-03-10 14:23:33,909 - config - INFO - Configuration loaded successfully
2025-03-10 14:23:33,975 - ResultsManager - INFO - Loaded 0 results from CSV
2025-03-10 14:24:08,484 - config - INFO - Loading configuration module from: C:\Users\HBAdmin.INDLINE-L1032\qmlTableView
2025-03-10 14:24:08,484 - config - INFO - Initializing configuration system from: C:\Users\HBAdmin.INDLINE-L1032\qmlTableView\config.json
2025-03-10 14:24:08,484 - config - INFO - Configuration loaded successfully
2025-03-10 14:24:08,545 - ResultsManager - INFO - Loaded 0 results from CSV
2025-03-10 14:24:08,774 - ResultsManager - INFO - Loaded 0 results from CSV
2025-03-10 14:25:01,514 - config - INFO - Loading configuration module from: C:\Users\HBAdmin.INDLINE-L1032\qmlTableView
2025-03-10 14:25:01,514 - config - INFO - Initializing configuration system from: C:\Users\HBAdmin.INDLINE-L1032\qmlTableView\config.json
2025-03-10 14:25:01,514 - config - INFO - Configuration loaded successfully
2025-03-10 14:25:01,692 - ResultsManager - INFO - Loaded 0 results from CSV
2025-03-10 14:25:02,098 - ResultsManager - INFO - Loaded 0 results from CSV
2025-03-10 14:26:14,309 - config - INFO - Loading configuration module from: C:\Users\HBAdmin.INDLINE-L1032\qmlTableView
2025-03-10 14:26:14,309 - config - INFO - Initializing configuration system from: C:\Users\HBAdmin.INDLINE-L1032\qmlTableView\config.json
2025-03-10 14:26:14,309 - config - INFO - Configuration loaded successfully
2025-03-10 14:26:14,365 - ResultsManager - INFO - Loaded 0 results from CSV
2025-03-10 14:26:14,589 - ResultsManager - INFO - Loaded 0 results from CSV
2025-03-10 14:27:45,463 - config - INFO - Loading configuration module from: C:\Users\HBAdmin.INDLINE-L1032\qmlTableView
2025-03-10 14:27:45,463 - config - INFO - Initializing configuration system from: C:\Users\HBAdmin.INDLINE-L1032\qmlTableView\config.json
2025-03-10 14:27:45,463 - config - INFO - Configuration loaded successfully
2025-03-10 14:27:45,545 - ResultsManager - INFO - Loaded 0 results from CSV
2025-03-10 14:29:44,026 - config - INFO - Loading configuration module from: C:\Users\HBAdmin.INDLINE-L1032\qmlTableView
2025-03-10 14:29:44,026 - config - INFO - Initializing configuration system from: C:\Users\HBAdmin.INDLINE-L1032\qmlTableView\config.json
2025-03-10 14:29:44,030 - config - INFO - Configuration loaded successfully
2025-03-10 14:29:44,085 - ResultsManager - INFO - Loaded 0 results from CSV
2025-03-10 14:29:44,289 - ResultsManager - INFO - Loaded 0 results from CSV
2025-03-10 14:31:40,795 - config - INFO - Loading configuration module from: C:\Users\HBAdmin.INDLINE-L1032\qmlTableView
2025-03-10 14:31:40,795 - config - INFO - Initializing configuration system from: C:\Users\HBAdmin.INDLINE-L1032\qmlTableView\config.json
2025-03-10 14:31:40,795 - config - INFO - Configuration loaded successfully
2025-03-10 14:31:40,995 - ResultsManager - INFO - Loaded 0 results from CSV
2025-03-10 14:31:41,405 - ResultsManager - INFO - Loaded 0 results from CSV
2025-03-10 14:32:12,800 - config - INFO - Loading configuration module from: C:\Users\HBAdmin.INDLINE-L1032\qmlTableView
2025-03-10 14:32:12,800 - config - INFO - Initializing configuration system from: C:\Users\HBAdmin.INDLINE-L1032\qmlTableView\config.json
2025-03-10 14:32:12,800 - config - INFO - Configuration loaded successfully
2025-03-10 14:32:12,868 - ResultsManager - INFO - Loaded 0 results from CSV
2025-03-10 14:32:13,095 - ResultsManager - INFO - Loaded 0 results from CSV
2025-03-10 14:32:55,485 - config - INFO - Loading configuration module from: C:\Users\HBAdmin.INDLINE-L1032\qmlTableView
2025-03-10 14:32:55,485 - config - INFO - Initializing configuration system from: C:\Users\HBAdmin.INDLINE-L1032\qmlTableView\config.json
2025-03-10 14:32:55,485 - config - INFO - Configuration loaded successfully
2025-03-10 14:32:55,555 - ResultsManager - INFO - Loaded 0 results from CSV
2025-03-10 14:32:55,781 - ResultsManager - INFO - Loaded 0 results from CSV
2025-03-10 14:33:42,490 - config - INFO - Loading configuration module from: C:\Users\HBAdmin.INDLINE-L1032\qmlTableView
2025-03-10 14:33:42,490 - config - INFO - Initializing configuration system from: C:\Users\HBAdmin.INDLINE-L1032\qmlTableView\config.json
2025-03-10 14:33:42,490 - config - INFO - Configuration loaded successfully
2025-03-10 14:33:42,545 - ResultsManager - INFO - Loaded 0 results from CSV
2025-03-10 14:33:42,755 - ResultsManager - INFO - Loaded 0 results from CSV
2025-03-10 14:34:14,855 - config - INFO - Loading configuration module from: C:\Users\HBAdmin.INDLINE-L1032\qmlTableView
2025-03-10 14:34:14,855 - config - INFO - Initializing configuration system from: C:\Users\HBAdmin.INDLINE-L1032\qmlTableView\config.json
2025-03-10 14:34:14,855 - config - INFO - Configuration loaded successfully
2025-03-10 14:34:14,915 - ResultsManager - INFO - Loaded 0 results from CSV
2025-03-10 14:34:15,120 - ResultsManager - INFO - Loaded 0 results from CSV
2025-03-10 14:35:29,365 - config - INFO - Loading configuration module from: C:\Users\HBAdmin.INDLINE-L1032\qmlTableView
2025-03-10 14:35:29,365 - config - INFO - Initializing configuration system from: C:\Users\HBAdmin.INDLINE-L1032\qmlTableView\config.json
2025-03-10 14:35:29,365 - config - INFO - Configuration loaded successfully
2025-03-10 14:35:29,556 - ResultsManager - INFO - Loaded 0 results from CSV
2025-03-10 14:35:29,935 - ResultsManager - INFO - Loaded 0 results from CSV
2025-03-10 14:37:13,177 - config - INFO - Loading configuration module from: C:\Users\HBAdmin.INDLINE-L1032\qmlTableView
2025-03-10 14:37:13,177 - config - INFO - Initializing configuration system from: C:\Users\HBAdmin.INDLINE-L1032\qmlTableView\config.json
2025-03-10 14:37:13,183 - config - INFO - Configuration loaded successfully
2025-03-10 14:37:13,259 - ResultsManager - INFO - Loaded 0 results from CSV
2025-03-10 14:37:13,485 - ResultsManager - INFO - Loaded 0 results from CSV
2025-03-10 14:37:31,477 - config - INFO - Loading configuration module from: C:\Users\HBAdmin.INDLINE-L1032\qmlTableView
2025-03-10 14:37:31,477 - config - INFO - Initializing configuration system from: C:\Users\HBAdmin.INDLINE-L1032\qmlTableView\config.json
2025-03-10 14:37:31,477 - config - INFO - Configuration loaded successfully
2025-03-10 14:37:31,525 - ResultsManager - INFO - Loaded 0 results from CSV
2025-03-10 14:37:31,725 - ResultsManager - INFO - Loaded 0 results from CSV
2025-03-10 14:38:02,696 - config - INFO - Loading configuration module from: C:\Users\HBAdmin.INDLINE-L1032\qmlTableView
2025-03-10 14:38:02,696 - config - INFO - Initializing configuration system from: C:\Users\HBAdmin.INDLINE-L1032\qmlTableView\config.json
2025-03-10 14:38:02,696 - config - INFO - Configuration loaded successfully
2025-03-10 14:38:02,745 - ResultsManager - INFO - Loaded 0 results from CSV
2025-03-10 14:38:02,950 - ResultsManager - INFO - Loaded 0 results from CSV
2025-03-10 14:38:45,207 - config - INFO - Loading configuration module from: C:\Users\HBAdmin.INDLINE-L1032\qmlTableView
2025-03-10 14:38:45,207 - config - INFO - Initializing configuration system from: C:\Users\HBAdmin.INDLINE-L1032\qmlTableView\config.json
2025-03-10 14:38:45,207 - config - INFO - Configuration loaded successfully
2025-03-10 14:38:45,365 - ResultsManager - INFO - Loaded 0 results from CSV
2025-03-10 14:38:45,718 - ResultsManager - INFO - Loaded 0 results from CSV
2025-03-10 14:39:39,501 - config - INFO - Loading configuration module from: C:\Users\HBAdmin.INDLINE-L1032\qmlTableView
2025-03-10 14:39:39,501 - config - INFO - Initializing configuration system from: C:\Users\HBAdmin.INDLINE-L1032\qmlTableView\config.json
2025-03-10 14:39:39,506 - config - INFO - Configuration loaded successfully
2025-03-10 14:39:39,566 - ResultsManager - INFO - Loaded 0 results from CSV
2025-03-10 14:39:39,785 - ResultsManager - INFO - Loaded 0 results from CSV
2025-03-10 14:40:41,157 - config - INFO - Loading configuration module from: C:\Users\HBAdmin.INDLINE-L1032\qmlTableView
2025-03-10 14:40:41,157 - config - INFO - Initializing configuration system from: C:\Users\HBAdmin.INDLINE-L1032\qmlTableView\config.json
2025-03-10 14:40:41,157 - config - INFO - Configuration loaded successfully
2025-03-10 14:40:41,206 - ResultsManager - INFO - Loaded 0 results from CSV
2025-03-10 14:40:41,399 - ResultsManager - INFO - Loaded 0 results from CSV
2025-03-10 14:40:58,942 - config - INFO - Loading configuration module from: C:\Users\HBAdmin.INDLINE-L1032\qmlTableView
2025-03-10 14:40:58,942 - config - INFO - Initializing configuration system from: C:\Users\HBAdmin.INDLINE-L1032\qmlTableView\config.json
2025-03-10 14:40:58,942 - config - INFO - Configuration loaded successfully
2025-03-10 14:40:58,997 - ResultsManager - INFO - Loaded 0 results from CSV
2025-03-10 14:40:59,180 - ResultsManager - INFO - Loaded 0 results from CSV
2025-03-10 15:45:56,446 - config - INFO - Loading configuration module from: C:\Users\HBAdmin.INDLINE-L1032\qmlTableView
2025-03-10 15:45:56,447 - config - INFO - Initializing configuration system from: C:\Users\HBAdmin.INDLINE-L1032\qmlTableView\config.json
2025-03-10 15:45:56,447 - config - INFO - Configuration loaded successfully
2025-03-10 15:45:56,562 - ResultsManager - INFO - Loaded 0 results from CSV
2025-03-10 15:45:56,932 - ResultsManager - INFO - Loaded 0 results from CSV
2025-03-10 15:46:08,179 - config - INFO - Loading configuration module from: C:\Users\HBAdmin.INDLINE-L1032\qmlTableView
2025-03-10 15:46:08,180 - config - INFO - Initializing configuration system from: C:\Users\HBAdmin.INDLINE-L1032\qmlTableView\config.json
2025-03-10 15:46:08,180 - config - INFO - Configuration loaded successfully
2025-03-10 15:46:08,245 - ResultsManager - INFO - Loaded 0 results from CSV
2025-03-10 15:46:08,457 - ResultsManager - INFO - Loaded 0 results from CSV
